0 verbose cli /usr/bin/node-22 /usr/bin/npm
1 info using npm@10.9.2
2 info using node@v22.13.1
3 silly config load:file:/usr/lib/node_modules_22/npm/npmrc
4 silly config load:file:/root/.npmrc
5 silly config load:file:/etc/npmrc
6 verbose title npm install express
7 verbose argv "install" "express"
8 verbose logfile logs-max:10 dir:/root/.npm/_logs/2025-10-18T00_23_05_979Z-
9 verbose logfile /root/.npm/_logs/2025-10-18T00_23_05_979Z-debug-0.log
10 silly logfile done cleaning log files
11 silly packumentCache heap:919601152 maxSize:229900288 maxEntrySize:114950144
12 silly idealTree buildDeps
13 silly fetch manifest express@*
14 silly packumentCache full:https://registry.npmjs.org/express cache-miss
15 http fetch GET https://registry.npmjs.org/express attempt 1 failed with ENOTFOUND
16 http fetch GET https://registry.npmjs.org/express attempt 2 failed with ENOTFOUND
17 http fetch GET https://registry.npmjs.org/express attempt 3 failed with ENOTFOUND
18 silly placeDep ROOT express@ OK for: root@1.0.0 want: *
19 verbose type system
20 verbose stack FetchError: request to https://registry.npmjs.org/express failed, reason: getaddrinfo ENOTFOUND registry.npmjs.org
20 verbose stack     at ClientRequest.<anonymous> (/usr/lib/node_modules_22/npm/node_modules/minipass-fetch/lib/index.js:130:14)
20 verbose stack     at ClientRequest.emit (node:events:524:28)
20 verbose stack     at emitErrorEvent (node:_http_client:104:11)
20 verbose stack     at _destroy (node:_http_client:898:9)
20 verbose stack     at onSocketNT (node:_http_client:918:5)
20 verbose stack     at process.processTicksAndRejections (node:internal/process/task_queues:91:21)
21 error code ENOTFOUND
22 error syscall getaddrinfo
23 error errno ENOTFOUND
24 error network request to https://registry.npmjs.org/express failed, reason: getaddrinfo ENOTFOUND registry.npmjs.org
25 error network This is a problem related to network connectivity.
25 error network In most cases you are behind a proxy or have bad network settings.
25 error network
25 error network If you are behind a proxy, please make sure that the
25 error network 'proxy' config is set properly.  See: 'npm help config'
26 silly unfinished npm timer reify 1760746986566
27 silly unfinished npm timer reify:loadTrees 1760746986567
28 verbose cwd /root
29 verbose os Linux 6.12.0-55.9.1.el10_0.x86_64
30 verbose node v22.13.1
31 verbose npm  v10.9.2
32 verbose exit 1
33 verbose code 1
34 error A complete log of this run can be found in: /root/.npm/_logs/2025-10-18T00_23_05_979Z-debug-0.log
