0 verbose cli /root/.nvm/versions/node/v20.19.5/bin/node /root/.nvm/versions/node/v20.19.5/bin/npm
1 info using npm@10.8.2
2 info using node@v20.19.5
3 silly config load:file:/root/.nvm/versions/node/v20.19.5/lib/node_modules/npm/npmrc
4 silly config load:file:/root/backend/.npmrc
5 silly config load:file:/root/.npmrc
6 silly config load:file:/root/.nvm/versions/node/v20.19.5/etc/npmrc
7 verbose title npm install express
8 verbose argv "install" "express"
9 verbose logfile logs-max:10 dir:/root/.npm/_logs/2025-10-18T00_44_04_781Z-
10 verbose logfile /root/.npm/_logs/2025-10-18T00_44_04_781Z-debug-0.log
11 silly packumentCache heap:919601152 maxSize:229900288 maxEntrySize:114950144
12 silly logfile done cleaning log files
13 silly idealTree buildDeps
14 silly fetch manifest express@*
15 silly packumentCache full:https://registry.npmjs.org/express cache-miss
16 http fetch GET 200 https://registry.npmjs.org/npm 580ms
17 http fetch GET 200 https://registry.npmjs.org/express 633ms (cache miss)
18 silly packumentCache full:https://registry.npmjs.org/express set size:undefined disposed:false
19 silly placeDep ROOT express@5.1.0 OK for: backend@1.0.0 want: *
20 silly fetch manifest qs@^6.14.0
21 silly packumentCache full:https://registry.npmjs.org/qs cache-miss
22 http fetch GET 200 https://registry.npmjs.org/qs 90ms (cache miss)
23 silly packumentCache full:https://registry.npmjs.org/qs set size:undefined disposed:false
24 silly fetch manifest etag@^1.8.1
25 silly packumentCache full:https://registry.npmjs.org/etag cache-miss
26 http fetch GET 200 https://registry.npmjs.org/etag 101ms (cache miss)
27 silly packumentCache full:https://registry.npmjs.org/etag set size:undefined disposed:false
28 silly fetch manifest once@^1.4.0
29 silly packumentCache full:https://registry.npmjs.org/once cache-miss
30 http fetch GET 200 https://registry.npmjs.org/once 84ms (cache miss)
31 silly packumentCache full:https://registry.npmjs.org/once set size:undefined disposed:false
32 silly fetch manifest send@^1.1.0
33 silly packumentCache full:https://registry.npmjs.org/send cache-miss
34 http fetch GET 200 https://registry.npmjs.org/send 85ms (cache miss)
35 silly packumentCache full:https://registry.npmjs.org/send set size:undefined disposed:false
36 silly fetch manifest vary@^1.1.2
37 silly packumentCache full:https://registry.npmjs.org/vary cache-miss
38 http fetch GET 200 https://registry.npmjs.org/vary 78ms (cache miss)
39 silly packumentCache full:https://registry.npmjs.org/vary set size:undefined disposed:false
40 silly fetch manifest debug@^4.4.0
41 silly packumentCache full:https://registry.npmjs.org/debug cache-miss
42 http fetch GET 200 https://registry.npmjs.org/debug 101ms (cache miss)
43 silly packumentCache full:https://registry.npmjs.org/debug set size:undefined disposed:false
44 silly fetch manifest fresh@^2.0.0
45 silly packumentCache full:https://registry.npmjs.org/fresh cache-miss
46 http fetch GET 200 https://registry.npmjs.org/fresh 83ms (cache miss)
47 silly packumentCache full:https://registry.npmjs.org/fresh set size:undefined disposed:false
48 silly fetch manifest cookie@^0.7.1
49 silly packumentCache full:https://registry.npmjs.org/cookie cache-miss
50 http fetch GET 200 https://registry.npmjs.org/cookie 95ms (cache miss)
51 silly packumentCache full:https://registry.npmjs.org/cookie set size:undefined disposed:false
52 silly fetch manifest router@^2.2.0
53 silly packumentCache full:https://registry.npmjs.org/router cache-miss
54 http fetch GET 200 https://registry.npmjs.org/router 144ms (cache miss)
55 silly packumentCache full:https://registry.npmjs.org/router set size:undefined disposed:false
56 silly fetch manifest accepts@^2.0.0
57 silly packumentCache full:https://registry.npmjs.org/accepts cache-miss
58 http fetch GET 200 https://registry.npmjs.org/accepts 92ms (cache miss)
59 silly packumentCache full:https://registry.npmjs.org/accepts set size:undefined disposed:false
60 silly fetch manifest type-is@^2.0.1
61 silly packumentCache full:https://registry.npmjs.org/type-is cache-miss
62 http fetch GET 200 https://registry.npmjs.org/type-is 84ms (cache miss)
63 silly packumentCache full:https://registry.npmjs.org/type-is set size:undefined disposed:false
64 silly fetch manifest parseurl@^1.3.3
65 silly packumentCache full:https://registry.npmjs.org/parseurl cache-miss
66 http fetch GET 200 https://registry.npmjs.org/parseurl 94ms (cache miss)
67 silly packumentCache full:https://registry.npmjs.org/parseurl set size:undefined disposed:false
68 silly fetch manifest statuses@^2.0.1
69 silly packumentCache full:https://registry.npmjs.org/statuses cache-miss
70 http fetch GET 200 https://registry.npmjs.org/statuses 77ms (cache miss)
71 silly packumentCache full:https://registry.npmjs.org/statuses set size:undefined disposed:false
72 silly fetch manifest encodeurl@^2.0.0
73 silly packumentCache full:https://registry.npmjs.org/encodeurl cache-miss
74 http fetch GET 200 https://registry.npmjs.org/encodeurl 96ms (cache miss)
75 silly packumentCache full:https://registry.npmjs.org/encodeurl set size:undefined disposed:false
76 silly fetch manifest mime-types@^3.0.0
77 silly packumentCache full:https://registry.npmjs.org/mime-types cache-miss
78 http fetch GET 200 https://registry.npmjs.org/mime-types 88ms (cache miss)
79 silly packumentCache full:https://registry.npmjs.org/mime-types set size:undefined disposed:false
80 silly fetch manifest proxy-addr@^2.0.7
81 silly packumentCache full:https://registry.npmjs.org/proxy-addr cache-miss
82 http fetch GET 200 https://registry.npmjs.org/proxy-addr 122ms (cache miss)
83 silly packumentCache full:https://registry.npmjs.org/proxy-addr set size:undefined disposed:false
84 silly fetch manifest body-parser@^2.2.0
85 silly packumentCache full:https://registry.npmjs.org/body-parser cache-miss
86 http fetch GET 200 https://registry.npmjs.org/body-parser 106ms (cache miss)
87 silly packumentCache full:https://registry.npmjs.org/body-parser set size:undefined disposed:false
88 silly fetch manifest escape-html@^1.0.3
89 silly packumentCache full:https://registry.npmjs.org/escape-html cache-miss
90 http fetch GET 200 https://registry.npmjs.org/escape-html 86ms (cache miss)
91 silly packumentCache full:https://registry.npmjs.org/escape-html set size:undefined disposed:false
92 silly fetch manifest http-errors@^2.0.0
93 silly packumentCache full:https://registry.npmjs.org/http-errors cache-miss
94 http fetch GET 200 https://registry.npmjs.org/http-errors 78ms (cache miss)
95 silly packumentCache full:https://registry.npmjs.org/http-errors set size:undefined disposed:false
96 silly fetch manifest on-finished@^2.4.1
97 silly packumentCache full:https://registry.npmjs.org/on-finished cache-miss
98 http fetch GET 200 https://registry.npmjs.org/on-finished 82ms (cache miss)
99 silly packumentCache full:https://registry.npmjs.org/on-finished set size:undefined disposed:false
100 silly fetch manifest content-type@^1.0.5
101 silly packumentCache full:https://registry.npmjs.org/content-type cache-miss
102 http fetch GET 200 https://registry.npmjs.org/content-type 94ms (cache miss)
103 silly packumentCache full:https://registry.npmjs.org/content-type set size:undefined disposed:false
104 silly fetch manifest finalhandler@^2.1.0
105 silly packumentCache full:https://registry.npmjs.org/finalhandler cache-miss
106 http fetch GET 200 https://registry.npmjs.org/finalhandler 79ms (cache miss)
107 silly packumentCache full:https://registry.npmjs.org/finalhandler set size:undefined disposed:false
108 silly fetch manifest range-parser@^1.2.1
109 silly packumentCache full:https://registry.npmjs.org/range-parser cache-miss
110 http fetch GET 200 https://registry.npmjs.org/range-parser 82ms (cache miss)
111 silly packumentCache full:https://registry.npmjs.org/range-parser set size:undefined disposed:false
112 silly fetch manifest serve-static@^2.2.0
113 silly packumentCache full:https://registry.npmjs.org/serve-static cache-miss
114 http fetch GET 200 https://registry.npmjs.org/serve-static 84ms (cache miss)
115 silly packumentCache full:https://registry.npmjs.org/serve-static set size:undefined disposed:false
116 silly fetch manifest cookie-signature@^1.2.1
117 silly packumentCache full:https://registry.npmjs.org/cookie-signature cache-miss
118 http fetch GET 200 https://registry.npmjs.org/cookie-signature 80ms (cache miss)
119 silly packumentCache full:https://registry.npmjs.org/cookie-signature set size:undefined disposed:false
120 silly fetch manifest merge-descriptors@^2.0.0
121 silly packumentCache full:https://registry.npmjs.org/merge-descriptors cache-miss
122 http fetch GET 200 https://registry.npmjs.org/merge-descriptors 80ms (cache miss)
123 silly packumentCache full:https://registry.npmjs.org/merge-descriptors set size:undefined disposed:false
124 silly fetch manifest content-disposition@^1.0.0
125 silly packumentCache full:https://registry.npmjs.org/content-disposition cache-miss
126 http fetch GET 200 https://registry.npmjs.org/content-disposition 102ms (cache miss)
127 silly packumentCache full:https://registry.npmjs.org/content-disposition set size:undefined disposed:false
128 silly placeDep ROOT accepts@2.0.0 OK for: express@5.1.0 want: ^2.0.0
129 silly placeDep ROOT body-parser@2.2.0 OK for: express@5.1.0 want: ^2.2.0
130 silly placeDep ROOT content-disposition@1.0.0 OK for: express@5.1.0 want: ^1.0.0
131 silly placeDep ROOT content-type@1.0.5 OK for: express@5.1.0 want: ^1.0.5
132 silly placeDep ROOT cookie@0.7.2 OK for: express@5.1.0 want: ^0.7.1
133 silly placeDep ROOT cookie-signature@1.2.2 OK for: express@5.1.0 want: ^1.2.1
134 silly placeDep ROOT debug@4.4.3 OK for: express@5.1.0 want: ^4.4.0
135 silly placeDep ROOT encodeurl@2.0.0 OK for: express@5.1.0 want: ^2.0.0
136 silly placeDep ROOT escape-html@1.0.3 OK for: express@5.1.0 want: ^1.0.3
137 silly placeDep ROOT etag@1.8.1 OK for: express@5.1.0 want: ^1.8.1
138 silly placeDep ROOT finalhandler@2.1.0 OK for: express@5.1.0 want: ^2.1.0
139 silly placeDep ROOT fresh@2.0.0 OK for: express@5.1.0 want: ^2.0.0
140 silly placeDep ROOT http-errors@2.0.0 OK for: express@5.1.0 want: ^2.0.0
141 silly placeDep ROOT merge-descriptors@2.0.0 OK for: express@5.1.0 want: ^2.0.0
142 silly placeDep ROOT mime-types@3.0.1 OK for: express@5.1.0 want: ^3.0.0
143 silly placeDep ROOT on-finished@2.4.1 OK for: express@5.1.0 want: ^2.4.1
144 silly placeDep ROOT once@1.4.0 OK for: express@5.1.0 want: ^1.4.0
145 silly placeDep ROOT parseurl@1.3.3 OK for: express@5.1.0 want: ^1.3.3
146 silly placeDep ROOT proxy-addr@2.0.7 OK for: express@5.1.0 want: ^2.0.7
147 silly placeDep ROOT qs@6.14.0 OK for: express@5.1.0 want: ^6.14.0
148 silly placeDep ROOT range-parser@1.2.1 OK for: express@5.1.0 want: ^1.2.1
149 silly placeDep ROOT router@2.2.0 OK for: express@5.1.0 want: ^2.2.0
150 silly placeDep ROOT send@1.2.0 OK for: express@5.1.0 want: ^1.1.0
151 silly placeDep ROOT serve-static@2.2.0 OK for: express@5.1.0 want: ^2.2.0
152 silly placeDep ROOT statuses@2.0.2 OK for: express@5.1.0 want: ^2.0.1
153 silly placeDep ROOT type-is@2.0.1 OK for: express@5.1.0 want: ^2.0.1
154 silly placeDep ROOT vary@1.1.2 OK for: express@5.1.0 want: ^1.1.2
155 silly fetch manifest negotiator@^1.0.0
156 silly packumentCache full:https://registry.npmjs.org/negotiator cache-miss
157 http fetch GET 200 https://registry.npmjs.org/negotiator 90ms (cache miss)
158 silly packumentCache full:https://registry.npmjs.org/negotiator set size:undefined disposed:false
159 silly fetch manifest bytes@^3.1.2
160 silly packumentCache full:https://registry.npmjs.org/bytes cache-miss
161 http fetch GET 200 https://registry.npmjs.org/bytes 85ms (cache miss)
162 silly packumentCache full:https://registry.npmjs.org/bytes set size:undefined disposed:false
163 silly fetch manifest iconv-lite@^0.6.3
164 silly packumentCache full:https://registry.npmjs.org/iconv-lite cache-miss
165 http fetch GET 200 https://registry.npmjs.org/iconv-lite 86ms (cache miss)
166 silly packumentCache full:https://registry.npmjs.org/iconv-lite set size:undefined disposed:false
167 silly fetch manifest raw-body@^3.0.0
168 silly packumentCache full:https://registry.npmjs.org/raw-body cache-miss
169 http fetch GET 200 https://registry.npmjs.org/raw-body 80ms (cache miss)
170 silly packumentCache full:https://registry.npmjs.org/raw-body set size:undefined disposed:false
171 silly fetch manifest type-is@^2.0.0
172 silly packumentCache full:https://registry.npmjs.org/type-is cache-miss
173 http fetch GET 200 https://registry.npmjs.org/type-is 12ms (cache hit)
174 silly packumentCache full:https://registry.npmjs.org/type-is set size:86196 disposed:false
175 silly fetch manifest safe-buffer@5.2.1
176 silly packumentCache full:https://registry.npmjs.org/safe-buffer cache-miss
177 http fetch GET 200 https://registry.npmjs.org/safe-buffer 143ms (cache miss)
178 silly packumentCache full:https://registry.npmjs.org/safe-buffer set size:undefined disposed:false
179 silly fetch manifest ms@^2.1.3
180 silly packumentCache full:https://registry.npmjs.org/ms cache-miss
181 http fetch GET 200 https://registry.npmjs.org/ms 77ms (cache miss)
182 silly packumentCache full:https://registry.npmjs.org/ms set size:undefined disposed:false
183 silly fetch manifest depd@2.0.0
184 silly packumentCache full:https://registry.npmjs.org/depd cache-miss
185 http fetch GET 200 https://registry.npmjs.org/depd 82ms (cache miss)
186 silly packumentCache full:https://registry.npmjs.org/depd set size:undefined disposed:false
187 silly fetch manifest inherits@2.0.4
188 silly packumentCache full:https://registry.npmjs.org/inherits cache-miss
189 http fetch GET 200 https://registry.npmjs.org/inherits 83ms (cache miss)
190 silly packumentCache full:https://registry.npmjs.org/inherits set size:undefined disposed:false
191 silly fetch manifest statuses@2.0.1
192 silly packumentCache full:https://registry.npmjs.org/statuses cache-miss
193 http fetch GET 200 https://registry.npmjs.org/statuses 5ms (cache hit)
194 silly packumentCache full:https://registry.npmjs.org/statuses set size:37117 disposed:false
195 silly fetch manifest toidentifier@1.0.1
196 silly packumentCache full:https://registry.npmjs.org/toidentifier cache-miss
197 http fetch GET 200 https://registry.npmjs.org/toidentifier 81ms (cache miss)
198 silly packumentCache full:https://registry.npmjs.org/toidentifier set size:undefined disposed:false
199 silly fetch manifest setprototypeof@1.2.0
200 silly packumentCache full:https://registry.npmjs.org/setprototypeof cache-miss
201 http fetch GET 200 https://registry.npmjs.org/setprototypeof 93ms (cache miss)
202 silly packumentCache full:https://registry.npmjs.org/setprototypeof set size:undefined disposed:false
203 silly fetch manifest mime-db@^1.54.0
204 silly packumentCache full:https://registry.npmjs.org/mime-db cache-miss
205 http fetch GET 200 https://registry.npmjs.org/mime-db 89ms (cache miss)
206 silly packumentCache full:https://registry.npmjs.org/mime-db set size:undefined disposed:false
207 silly fetch manifest ee-first@1.1.1
208 silly packumentCache full:https://registry.npmjs.org/ee-first cache-miss
209 http fetch GET 200 https://registry.npmjs.org/ee-first 76ms (cache miss)
210 silly packumentCache full:https://registry.npmjs.org/ee-first set size:undefined disposed:false
211 silly fetch manifest wrappy@1
212 silly packumentCache full:https://registry.npmjs.org/wrappy cache-miss
213 http fetch GET 200 https://registry.npmjs.org/wrappy 102ms (cache miss)
214 silly packumentCache full:https://registry.npmjs.org/wrappy set size:undefined disposed:false
215 silly fetch manifest forwarded@0.2.0
216 silly packumentCache full:https://registry.npmjs.org/forwarded cache-miss
217 http fetch GET 200 https://registry.npmjs.org/forwarded 79ms (cache miss)
218 silly packumentCache full:https://registry.npmjs.org/forwarded set size:undefined disposed:false
219 silly fetch manifest ipaddr.js@1.9.1
220 silly packumentCache full:https://registry.npmjs.org/ipaddr.js cache-miss
221 http fetch GET 200 https://registry.npmjs.org/ipaddr.js 107ms (cache miss)
222 silly packumentCache full:https://registry.npmjs.org/ipaddr.js set size:undefined disposed:false
223 silly fetch manifest side-channel@^1.1.0
224 silly packumentCache full:https://registry.npmjs.org/side-channel cache-miss
225 http fetch GET 200 https://registry.npmjs.org/side-channel 74ms (cache miss)
226 silly packumentCache full:https://registry.npmjs.org/side-channel set size:undefined disposed:false
227 silly fetch manifest depd@^2.0.0
228 silly packumentCache full:https://registry.npmjs.org/depd cache-miss
229 http fetch GET 200 https://registry.npmjs.org/depd 2ms (cache hit)
230 silly packumentCache full:https://registry.npmjs.org/depd set size:40182 disposed:false
231 silly fetch manifest is-promise@^4.0.0
232 silly packumentCache full:https://registry.npmjs.org/is-promise cache-miss
233 http fetch GET 200 https://registry.npmjs.org/is-promise 87ms (cache miss)
234 silly packumentCache full:https://registry.npmjs.org/is-promise set size:undefined disposed:false
235 silly fetch manifest path-to-regexp@^8.0.0
236 silly packumentCache full:https://registry.npmjs.org/path-to-regexp cache-miss
237 http fetch GET 200 https://registry.npmjs.org/path-to-regexp 81ms (cache miss)
238 silly packumentCache full:https://registry.npmjs.org/path-to-regexp set size:undefined disposed:false
239 silly fetch manifest media-typer@^1.1.0
240 silly packumentCache full:https://registry.npmjs.org/media-typer cache-miss
241 http fetch GET 200 https://registry.npmjs.org/media-typer 87ms (cache miss)
242 silly packumentCache full:https://registry.npmjs.org/media-typer set size:undefined disposed:false
243 silly placeDep ROOT negotiator@1.0.0 OK for: accepts@2.0.0 want: ^1.0.0
244 silly placeDep ROOT bytes@3.1.2 OK for: body-parser@2.2.0 want: ^3.1.2
245 silly placeDep ROOT iconv-lite@0.6.3 OK for: body-parser@2.2.0 want: ^0.6.3
246 silly placeDep ROOT raw-body@3.0.1 OK for: body-parser@2.2.0 want: ^3.0.0
247 silly fetch manifest safer-buffer@>= 2.1.2 < 3.0.0
248 silly packumentCache full:https://registry.npmjs.org/safer-buffer cache-miss
249 http fetch GET 200 https://registry.npmjs.org/safer-buffer 166ms (cache miss)
250 silly packumentCache full:https://registry.npmjs.org/safer-buffer set size:undefined disposed:false
251 silly fetch manifest iconv-lite@0.7.0
252 silly packumentCache full:https://registry.npmjs.org/iconv-lite cache-miss
253 http fetch GET 200 https://registry.npmjs.org/iconv-lite 10ms (cache hit)
254 silly packumentCache full:https://registry.npmjs.org/iconv-lite set size:118890 disposed:false
255 silly fetch manifest unpipe@1.0.0
256 silly packumentCache full:https://registry.npmjs.org/unpipe cache-miss
257 http fetch GET 200 https://registry.npmjs.org/unpipe 80ms (cache miss)
258 silly packumentCache full:https://registry.npmjs.org/unpipe set size:undefined disposed:false
259 silly placeDep ROOT safe-buffer@5.2.1 OK for: content-disposition@1.0.0 want: 5.2.1
260 silly placeDep ROOT ms@2.1.3 OK for: debug@4.4.3 want: ^2.1.3
261 silly placeDep ROOT depd@2.0.0 OK for: http-errors@2.0.0 want: 2.0.0
262 silly placeDep ROOT inherits@2.0.4 OK for: http-errors@2.0.0 want: 2.0.4
263 silly placeDep ROOT setprototypeof@1.2.0 OK for: http-errors@2.0.0 want: 1.2.0
264 silly placeDep node_modules/http-errors statuses@2.0.1 OK for: http-errors@2.0.0 want: 2.0.1
265 silly placeDep ROOT toidentifier@1.0.1 OK for: http-errors@2.0.0 want: 1.0.1
266 silly placeDep ROOT safer-buffer@2.1.2 OK for: iconv-lite@0.6.3 want: >= 2.1.2 < 3.0.0
267 silly placeDep ROOT mime-db@1.54.0 OK for: mime-types@3.0.1 want: ^1.54.0
268 silly placeDep ROOT ee-first@1.1.1 OK for: on-finished@2.4.1 want: 1.1.1
269 silly placeDep ROOT wrappy@1.0.2 OK for: once@1.4.0 want: 1
270 silly placeDep ROOT forwarded@0.2.0 OK for: proxy-addr@2.0.7 want: 0.2.0
271 silly placeDep ROOT ipaddr.js@1.9.1 OK for: proxy-addr@2.0.7 want: 1.9.1
272 silly placeDep ROOT side-channel@1.1.0 OK for: qs@6.14.0 want: ^1.1.0
273 silly fetch manifest es-errors@^1.3.0
274 silly packumentCache full:https://registry.npmjs.org/es-errors cache-miss
275 http fetch GET 200 https://registry.npmjs.org/es-errors 79ms (cache miss)
276 silly packumentCache full:https://registry.npmjs.org/es-errors set size:undefined disposed:false
277 silly fetch manifest object-inspect@^1.13.3
278 silly packumentCache full:https://registry.npmjs.org/object-inspect cache-miss
279 http fetch GET 200 https://registry.npmjs.org/object-inspect 102ms (cache miss)
280 silly packumentCache full:https://registry.npmjs.org/object-inspect set size:undefined disposed:false
281 silly fetch manifest side-channel-list@^1.0.0
282 silly packumentCache full:https://registry.npmjs.org/side-channel-list cache-miss
283 http fetch GET 200 https://registry.npmjs.org/side-channel-list 86ms (cache miss)
284 silly packumentCache full:https://registry.npmjs.org/side-channel-list set size:undefined disposed:false
285 silly fetch manifest side-channel-map@^1.0.1
286 silly packumentCache full:https://registry.npmjs.org/side-channel-map cache-miss
287 http fetch GET 200 https://registry.npmjs.org/side-channel-map 77ms (cache miss)
288 silly packumentCache full:https://registry.npmjs.org/side-channel-map set size:undefined disposed:false
289 silly fetch manifest side-channel-weakmap@^1.0.2
290 silly packumentCache full:https://registry.npmjs.org/side-channel-weakmap cache-miss
291 http fetch GET 200 https://registry.npmjs.org/side-channel-weakmap 83ms (cache miss)
292 silly packumentCache full:https://registry.npmjs.org/side-channel-weakmap set size:undefined disposed:false
293 silly placeDep node_modules/raw-body iconv-lite@0.7.0 OK for: raw-body@3.0.1 want: 0.7.0
294 silly placeDep ROOT unpipe@1.0.0 OK for: raw-body@3.0.1 want: 1.0.0
295 silly placeDep ROOT is-promise@4.0.0 OK for: router@2.2.0 want: ^4.0.0
296 silly placeDep ROOT path-to-regexp@8.3.0 OK for: router@2.2.0 want: ^8.0.0
297 silly placeDep ROOT es-errors@1.3.0 OK for: side-channel@1.1.0 want: ^1.3.0
298 silly placeDep ROOT object-inspect@1.13.4 OK for: side-channel@1.1.0 want: ^1.13.3
299 silly placeDep ROOT side-channel-list@1.0.0 OK for: side-channel@1.1.0 want: ^1.0.0
300 silly placeDep ROOT side-channel-map@1.0.1 OK for: side-channel@1.1.0 want: ^1.0.1
301 silly placeDep ROOT side-channel-weakmap@1.0.2 OK for: side-channel@1.1.0 want: ^1.0.2
302 silly fetch manifest call-bound@^1.0.2
303 silly packumentCache full:https://registry.npmjs.org/call-bound cache-miss
304 http fetch GET 200 https://registry.npmjs.org/call-bound 85ms (cache miss)
305 silly packumentCache full:https://registry.npmjs.org/call-bound set size:undefined disposed:false
306 silly fetch manifest get-intrinsic@^1.2.5
307 silly packumentCache full:https://registry.npmjs.org/get-intrinsic cache-miss
308 http fetch GET 200 https://registry.npmjs.org/get-intrinsic 83ms (cache miss)
309 silly packumentCache full:https://registry.npmjs.org/get-intrinsic set size:undefined disposed:false
310 silly placeDep ROOT call-bound@1.0.4 OK for: side-channel-map@1.0.1 want: ^1.0.2
311 silly placeDep ROOT get-intrinsic@1.3.0 OK for: side-channel-map@1.0.1 want: ^1.2.5
312 silly fetch manifest call-bind-apply-helpers@^1.0.2
313 silly packumentCache full:https://registry.npmjs.org/call-bind-apply-helpers cache-miss
314 http fetch GET 200 https://registry.npmjs.org/call-bind-apply-helpers 83ms (cache miss)
315 silly packumentCache full:https://registry.npmjs.org/call-bind-apply-helpers set size:undefined disposed:false
316 silly fetch manifest get-intrinsic@^1.3.0
317 silly packumentCache full:https://registry.npmjs.org/get-intrinsic cache-miss
318 http fetch GET 200 https://registry.npmjs.org/get-intrinsic 3ms (cache hit)
319 silly packumentCache full:https://registry.npmjs.org/get-intrinsic set size:60985 disposed:false
320 silly fetch manifest gopd@^1.2.0
321 silly packumentCache full:https://registry.npmjs.org/gopd cache-miss
322 http fetch GET 200 https://registry.npmjs.org/gopd 75ms (cache miss)
323 silly packumentCache full:https://registry.npmjs.org/gopd set size:undefined disposed:false
324 silly fetch manifest hasown@^2.0.2
325 silly packumentCache full:https://registry.npmjs.org/hasown cache-miss
326 http fetch GET 200 https://registry.npmjs.org/hasown 93ms (cache miss)
327 silly packumentCache full:https://registry.npmjs.org/hasown set size:undefined disposed:false
328 silly fetch manifest get-proto@^1.0.1
329 silly packumentCache full:https://registry.npmjs.org/get-proto cache-miss
330 http fetch GET 200 https://registry.npmjs.org/get-proto 75ms (cache miss)
331 silly packumentCache full:https://registry.npmjs.org/get-proto set size:undefined disposed:false
332 silly fetch manifest has-symbols@^1.1.0
333 silly packumentCache full:https://registry.npmjs.org/has-symbols cache-miss
334 http fetch GET 200 https://registry.npmjs.org/has-symbols 76ms (cache miss)
335 silly packumentCache full:https://registry.npmjs.org/has-symbols set size:undefined disposed:false
336 silly fetch manifest function-bind@^1.1.2
337 silly packumentCache full:https://registry.npmjs.org/function-bind cache-miss
338 http fetch GET 200 https://registry.npmjs.org/function-bind 83ms (cache miss)
339 silly packumentCache full:https://registry.npmjs.org/function-bind set size:undefined disposed:false
340 silly fetch manifest es-object-atoms@^1.1.1
341 silly packumentCache full:https://registry.npmjs.org/es-object-atoms cache-miss
342 http fetch GET 200 https://registry.npmjs.org/es-object-atoms 93ms (cache miss)
343 silly packumentCache full:https://registry.npmjs.org/es-object-atoms set size:undefined disposed:false
344 silly fetch manifest math-intrinsics@^1.1.0
345 silly packumentCache full:https://registry.npmjs.org/math-intrinsics cache-miss
346 http fetch GET 200 https://registry.npmjs.org/math-intrinsics 75ms (cache miss)
347 silly packumentCache full:https://registry.npmjs.org/math-intrinsics set size:undefined disposed:false
348 silly fetch manifest es-define-property@^1.0.1
349 silly packumentCache full:https://registry.npmjs.org/es-define-property cache-miss
350 http fetch GET 200 https://registry.npmjs.org/es-define-property 75ms (cache miss)
351 silly packumentCache full:https://registry.npmjs.org/es-define-property set size:undefined disposed:false
352 silly placeDep ROOT call-bind-apply-helpers@1.0.2 OK for: call-bound@1.0.4 want: ^1.0.2
353 silly placeDep ROOT function-bind@1.1.2 OK for: call-bind-apply-helpers@1.0.2 want: ^1.1.2
354 silly placeDep ROOT es-define-property@1.0.1 OK for: get-intrinsic@1.3.0 want: ^1.0.1
355 silly placeDep ROOT es-object-atoms@1.1.1 OK for: get-intrinsic@1.3.0 want: ^1.1.1
356 silly placeDep ROOT get-proto@1.0.1 OK for: get-intrinsic@1.3.0 want: ^1.0.1
357 silly placeDep ROOT gopd@1.2.0 OK for: get-intrinsic@1.3.0 want: ^1.2.0
358 silly placeDep ROOT has-symbols@1.1.0 OK for: get-intrinsic@1.3.0 want: ^1.1.0
359 silly placeDep ROOT hasown@2.0.2 OK for: get-intrinsic@1.3.0 want: ^2.0.2
360 silly placeDep ROOT math-intrinsics@1.1.0 OK for: get-intrinsic@1.3.0 want: ^1.1.0
361 silly fetch manifest dunder-proto@^1.0.1
362 silly packumentCache full:https://registry.npmjs.org/dunder-proto cache-miss
363 http fetch GET 200 https://registry.npmjs.org/dunder-proto 139ms (cache miss)
364 silly packumentCache full:https://registry.npmjs.org/dunder-proto set size:undefined disposed:false
365 silly placeDep ROOT dunder-proto@1.0.1 OK for: get-proto@1.0.1 want: ^1.0.1
366 silly placeDep ROOT media-typer@1.1.0 OK for: type-is@2.0.1 want: ^1.1.0
367 silly reify moves {}
368 silly audit bulk request {
368 silly audit   express: [ '5.1.0' ],
368 silly audit   accepts: [ '2.0.0' ],
368 silly audit   'body-parser': [ '2.2.0' ],
368 silly audit   'content-disposition': [ '1.0.0' ],
368 silly audit   'content-type': [ '1.0.5' ],
368 silly audit   cookie: [ '0.7.2' ],
368 silly audit   'cookie-signature': [ '1.2.2' ],
368 silly audit   debug: [ '4.4.3' ],
368 silly audit   encodeurl: [ '2.0.0' ],
368 silly audit   'escape-html': [ '1.0.3' ],
368 silly audit   etag: [ '1.8.1' ],
368 silly audit   finalhandler: [ '2.1.0' ],
368 silly audit   fresh: [ '2.0.0' ],
368 silly audit   'http-errors': [ '2.0.0' ],
368 silly audit   'merge-descriptors': [ '2.0.0' ],
368 silly audit   'mime-types': [ '3.0.1' ],
368 silly audit   'on-finished': [ '2.4.1' ],
368 silly audit   once: [ '1.4.0' ],
368 silly audit   parseurl: [ '1.3.3' ],
368 silly audit   'proxy-addr': [ '2.0.7' ],
368 silly audit   qs: [ '6.14.0' ],
368 silly audit   'range-parser': [ '1.2.1' ],
368 silly audit   router: [ '2.2.0' ],
368 silly audit   send: [ '1.2.0' ],
368 silly audit   'serve-static': [ '2.2.0' ],
368 silly audit   statuses: [ '2.0.2', '2.0.1' ],
368 silly audit   'type-is': [ '2.0.1' ],
368 silly audit   vary: [ '1.1.2' ],
368 silly audit   negotiator: [ '1.0.0' ],
368 silly audit   bytes: [ '3.1.2' ],
368 silly audit   'iconv-lite': [ '0.6.3', '0.7.0' ],
368 silly audit   'raw-body': [ '3.0.1' ],
368 silly audit   'safe-buffer': [ '5.2.1' ],
368 silly audit   ms: [ '2.1.3' ],
368 silly audit   depd: [ '2.0.0' ],
368 silly audit   inherits: [ '2.0.4' ],
368 silly audit   setprototypeof: [ '1.2.0' ],
368 silly audit   toidentifier: [ '1.0.1' ],
368 silly audit   'safer-buffer': [ '2.1.2' ],
368 silly audit   'mime-db': [ '1.54.0' ],
368 silly audit   'ee-first': [ '1.1.1' ],
368 silly audit   wrappy: [ '1.0.2' ],
368 silly audit   forwarded: [ '0.2.0' ],
368 silly audit   'ipaddr.js': [ '1.9.1' ],
368 silly audit   'side-channel': [ '1.1.0' ],
368 silly audit   unpipe: [ '1.0.0' ],
368 silly audit   'is-promise': [ '4.0.0' ],
368 silly audit   'path-to-regexp': [ '8.3.0' ],
368 silly audit   'es-errors': [ '1.3.0' ],
368 silly audit   'object-inspect': [ '1.13.4' ],
368 silly audit   'side-channel-list': [ '1.0.0' ],
368 silly audit   'side-channel-map': [ '1.0.1' ],
368 silly audit   'side-channel-weakmap': [ '1.0.2' ],
368 silly audit   'call-bound': [ '1.0.4' ],
368 silly audit   'get-intrinsic': [ '1.3.0' ],
368 silly audit   'call-bind-apply-helpers': [ '1.0.2' ],
368 silly audit   'function-bind': [ '1.1.2' ],
368 silly audit   'es-define-property': [ '1.0.1' ],
368 silly audit   'es-object-atoms': [ '1.1.1' ],
368 silly audit   'get-proto': [ '1.0.1' ],
368 silly audit   gopd: [ '1.2.0' ],
368 silly audit   'has-symbols': [ '1.1.0' ],
368 silly audit   hasown: [ '2.0.2' ],
368 silly audit   'math-intrinsics': [ '1.1.0' ],
368 silly audit   'dunder-proto': [ '1.0.1' ],
368 silly audit   'media-typer': [ '1.1.0' ]
368 silly audit }
369 silly tarball no local data for media-typer@https://registry.npmjs.org/media-typer/-/media-typer-1.1.0.tgz. Extracting by manifest.
370 silly tarball no local data for dunder-proto@https://registry.npmjs.org/dunder-proto/-/dunder-proto-1.0.1.tgz. Extracting by manifest.
371 silly tarball no local data for math-intrinsics@https://registry.npmjs.org/math-intrinsics/-/math-intrinsics-1.1.0.tgz. Extracting by manifest.
372 silly tarball no local data for hasown@https://registry.npmjs.org/hasown/-/hasown-2.0.2.tgz. Extracting by manifest.
373 silly tarball no local data for has-symbols@https://registry.npmjs.org/has-symbols/-/has-symbols-1.1.0.tgz. Extracting by manifest.
374 silly tarball no local data for gopd@https://registry.npmjs.org/gopd/-/gopd-1.2.0.tgz. Extracting by manifest.
375 silly tarball no local data for get-proto@https://registry.npmjs.org/get-proto/-/get-proto-1.0.1.tgz. Extracting by manifest.
376 silly tarball no local data for es-object-atoms@https://registry.npmjs.org/es-object-atoms/-/es-object-atoms-1.1.1.tgz. Extracting by manifest.
377 silly tarball no local data for es-define-property@https://registry.npmjs.org/es-define-property/-/es-define-property-1.0.1.tgz. Extracting by manifest.
378 silly tarball no local data for function-bind@https://registry.npmjs.org/function-bind/-/function-bind-1.1.2.tgz. Extracting by manifest.
379 silly tarball no local data for call-bind-apply-helpers@https://registry.npmjs.org/call-bind-apply-helpers/-/call-bind-apply-helpers-1.0.2.tgz. Extracting by manifest.
380 silly tarball no local data for get-intrinsic@https://registry.npmjs.org/get-intrinsic/-/get-intrinsic-1.3.0.tgz. Extracting by manifest.
381 silly tarball no local data for call-bound@https://registry.npmjs.org/call-bound/-/call-bound-1.0.4.tgz. Extracting by manifest.
382 silly tarball no local data for side-channel-weakmap@https://registry.npmjs.org/side-channel-weakmap/-/side-channel-weakmap-1.0.2.tgz. Extracting by manifest.
383 silly tarball no local data for side-channel-map@https://registry.npmjs.org/side-channel-map/-/side-channel-map-1.0.1.tgz. Extracting by manifest.
384 silly tarball no local data for side-channel-list@https://registry.npmjs.org/side-channel-list/-/side-channel-list-1.0.0.tgz. Extracting by manifest.
385 silly tarball no local data for object-inspect@https://registry.npmjs.org/object-inspect/-/object-inspect-1.13.4.tgz. Extracting by manifest.
386 silly tarball no local data for es-errors@https://registry.npmjs.org/es-errors/-/es-errors-1.3.0.tgz. Extracting by manifest.
387 silly tarball no local data for path-to-regexp@https://registry.npmjs.org/path-to-regexp/-/path-to-regexp-8.3.0.tgz. Extracting by manifest.
388 silly tarball no local data for is-promise@https://registry.npmjs.org/is-promise/-/is-promise-4.0.0.tgz. Extracting by manifest.
389 silly tarball no local data for unpipe@https://registry.npmjs.org/unpipe/-/unpipe-1.0.0.tgz. Extracting by manifest.
390 silly tarball no local data for side-channel@https://registry.npmjs.org/side-channel/-/side-channel-1.1.0.tgz. Extracting by manifest.
391 silly tarball no local data for ipaddr.js@https://registry.npmjs.org/ipaddr.js/-/ipaddr.js-1.9.1.tgz. Extracting by manifest.
392 silly tarball no local data for forwarded@https://registry.npmjs.org/forwarded/-/forwarded-0.2.0.tgz. Extracting by manifest.
393 silly tarball no local data for wrappy@https://registry.npmjs.org/wrappy/-/wrappy-1.0.2.tgz. Extracting by manifest.
394 silly tarball no local data for ee-first@https://registry.npmjs.org/ee-first/-/ee-first-1.1.1.tgz. Extracting by manifest.
395 silly tarball no local data for mime-db@https://registry.npmjs.org/mime-db/-/mime-db-1.54.0.tgz. Extracting by manifest.
396 silly tarball no local data for safer-buffer@https://registry.npmjs.org/safer-buffer/-/safer-buffer-2.1.2.tgz. Extracting by manifest.
397 silly tarball no local data for toidentifier@https://registry.npmjs.org/toidentifier/-/toidentifier-1.0.1.tgz. Extracting by manifest.
398 silly tarball no local data for setprototypeof@https://registry.npmjs.org/setprototypeof/-/setprototypeof-1.2.0.tgz. Extracting by manifest.
399 silly tarball no local data for inherits@https://registry.npmjs.org/inherits/-/inherits-2.0.4.tgz. Extracting by manifest.
400 silly tarball no local data for depd@https://registry.npmjs.org/depd/-/depd-2.0.0.tgz. Extracting by manifest.
401 silly tarball no local data for ms@https://registry.npmjs.org/ms/-/ms-2.1.3.tgz. Extracting by manifest.
402 silly tarball no local data for safe-buffer@https://registry.npmjs.org/safe-buffer/-/safe-buffer-5.2.1.tgz. Extracting by manifest.
403 silly tarball no local data for raw-body@https://registry.npmjs.org/raw-body/-/raw-body-3.0.1.tgz. Extracting by manifest.
404 silly tarball no local data for iconv-lite@https://registry.npmjs.org/iconv-lite/-/iconv-lite-0.6.3.tgz. Extracting by manifest.
405 silly tarball no local data for bytes@https://registry.npmjs.org/bytes/-/bytes-3.1.2.tgz. Extracting by manifest.
406 silly tarball no local data for negotiator@https://registry.npmjs.org/negotiator/-/negotiator-1.0.0.tgz. Extracting by manifest.
407 silly tarball no local data for vary@https://registry.npmjs.org/vary/-/vary-1.1.2.tgz. Extracting by manifest.
408 silly tarball no local data for type-is@https://registry.npmjs.org/type-is/-/type-is-2.0.1.tgz. Extracting by manifest.
409 silly tarball no local data for statuses@https://registry.npmjs.org/statuses/-/statuses-2.0.2.tgz. Extracting by manifest.
410 silly tarball no local data for serve-static@https://registry.npmjs.org/serve-static/-/serve-static-2.2.0.tgz. Extracting by manifest.
411 silly tarball no local data for send@https://registry.npmjs.org/send/-/send-1.2.0.tgz. Extracting by manifest.
412 silly tarball no local data for router@https://registry.npmjs.org/router/-/router-2.2.0.tgz. Extracting by manifest.
413 silly tarball no local data for range-parser@https://registry.npmjs.org/range-parser/-/range-parser-1.2.1.tgz. Extracting by manifest.
414 silly tarball no local data for qs@https://registry.npmjs.org/qs/-/qs-6.14.0.tgz. Extracting by manifest.
415 silly tarball no local data for proxy-addr@https://registry.npmjs.org/proxy-addr/-/proxy-addr-2.0.7.tgz. Extracting by manifest.
416 silly tarball no local data for parseurl@https://registry.npmjs.org/parseurl/-/parseurl-1.3.3.tgz. Extracting by manifest.
417 silly tarball no local data for once@https://registry.npmjs.org/once/-/once-1.4.0.tgz. Extracting by manifest.
418 silly tarball no local data for on-finished@https://registry.npmjs.org/on-finished/-/on-finished-2.4.1.tgz. Extracting by manifest.
419 silly tarball no local data for mime-types@https://registry.npmjs.org/mime-types/-/mime-types-3.0.1.tgz. Extracting by manifest.
420 silly tarball no local data for merge-descriptors@https://registry.npmjs.org/merge-descriptors/-/merge-descriptors-2.0.0.tgz. Extracting by manifest.
421 silly tarball no local data for http-errors@https://registry.npmjs.org/http-errors/-/http-errors-2.0.0.tgz. Extracting by manifest.
422 silly tarball no local data for fresh@https://registry.npmjs.org/fresh/-/fresh-2.0.0.tgz. Extracting by manifest.
423 silly tarball no local data for finalhandler@https://registry.npmjs.org/finalhandler/-/finalhandler-2.1.0.tgz. Extracting by manifest.
424 silly tarball no local data for etag@https://registry.npmjs.org/etag/-/etag-1.8.1.tgz. Extracting by manifest.
425 silly tarball no local data for escape-html@https://registry.npmjs.org/escape-html/-/escape-html-1.0.3.tgz. Extracting by manifest.
426 silly tarball no local data for encodeurl@https://registry.npmjs.org/encodeurl/-/encodeurl-2.0.0.tgz. Extracting by manifest.
427 silly tarball no local data for debug@https://registry.npmjs.org/debug/-/debug-4.4.3.tgz. Extracting by manifest.
428 silly tarball no local data for cookie-signature@https://registry.npmjs.org/cookie-signature/-/cookie-signature-1.2.2.tgz. Extracting by manifest.
429 silly tarball no local data for cookie@https://registry.npmjs.org/cookie/-/cookie-0.7.2.tgz. Extracting by manifest.
430 silly tarball no local data for content-type@https://registry.npmjs.org/content-type/-/content-type-1.0.5.tgz. Extracting by manifest.
431 silly tarball no local data for content-disposition@https://registry.npmjs.org/content-disposition/-/content-disposition-1.0.0.tgz. Extracting by manifest.
432 silly tarball no local data for body-parser@https://registry.npmjs.org/body-parser/-/body-parser-2.2.0.tgz. Extracting by manifest.
433 silly tarball no local data for accepts@https://registry.npmjs.org/accepts/-/accepts-2.0.0.tgz. Extracting by manifest.
434 silly tarball no local data for express@https://registry.npmjs.org/express/-/express-5.1.0.tgz. Extracting by manifest.
435 silly tarball no local data for iconv-lite@https://registry.npmjs.org/iconv-lite/-/iconv-lite-0.7.0.tgz. Extracting by manifest.
436 silly tarball no local data for statuses@https://registry.npmjs.org/statuses/-/statuses-2.0.1.tgz. Extracting by manifest.
437 http fetch POST 200 https://registry.npmjs.org/-/npm/v1/security/advisories/bulk 384ms
438 silly audit report {}
439 http fetch GET 200 https://registry.npmjs.org/media-typer/-/media-typer-1.1.0.tgz 328ms (cache miss)
440 http fetch GET 200 https://registry.npmjs.org/side-channel-map/-/side-channel-map-1.0.1.tgz 1254ms (cache miss)
441 http fetch GET 200 https://registry.npmjs.org/side-channel-list/-/side-channel-list-1.0.0.tgz 1333ms (cache miss)
442 http fetch GET 200 https://registry.npmjs.org/is-promise/-/is-promise-4.0.0.tgz 1419ms (cache miss)
443 http fetch GET 200 https://registry.npmjs.org/gopd/-/gopd-1.2.0.tgz 1531ms (cache miss)
444 http fetch GET 200 https://registry.npmjs.org/path-to-regexp/-/path-to-regexp-8.3.0.tgz 1518ms (cache miss)
445 http fetch GET 200 https://registry.npmjs.org/get-proto/-/get-proto-1.0.1.tgz 1542ms (cache miss)
446 http fetch GET 200 https://registry.npmjs.org/forwarded/-/forwarded-0.2.0.tgz 1519ms (cache miss)
447 http fetch GET 200 https://registry.npmjs.org/setprototypeof/-/setprototypeof-1.2.0.tgz 1514ms (cache miss)
448 http fetch GET 200 https://registry.npmjs.org/unpipe/-/unpipe-1.0.0.tgz 1544ms (cache miss)
449 http fetch GET 200 https://registry.npmjs.org/toidentifier/-/toidentifier-1.0.1.tgz 1530ms (cache miss)
450 http fetch GET 200 https://registry.npmjs.org/depd/-/depd-2.0.0.tgz 1529ms (cache miss)
451 http fetch GET 200 https://registry.npmjs.org/finalhandler/-/finalhandler-2.1.0.tgz 1498ms (cache miss)
452 http fetch GET 200 https://registry.npmjs.org/es-object-atoms/-/es-object-atoms-1.1.1.tgz 1566ms (cache miss)
453 http fetch GET 200 https://registry.npmjs.org/es-define-property/-/es-define-property-1.0.1.tgz 1565ms (cache miss)
454 http fetch GET 200 https://registry.npmjs.org/wrappy/-/wrappy-1.0.2.tgz 1547ms (cache miss)
455 http fetch GET 200 https://registry.npmjs.org/inherits/-/inherits-2.0.4.tgz 1540ms (cache miss)
456 http fetch GET 200 https://registry.npmjs.org/cookie/-/cookie-0.7.2.tgz 1469ms (cache miss)
457 http fetch GET 200 https://registry.npmjs.org/ee-first/-/ee-first-1.1.1.tgz 1556ms (cache miss)
458 http fetch GET 200 https://registry.npmjs.org/type-is/-/type-is-2.0.1.tgz 1537ms (cache miss)
459 http fetch GET 200 https://registry.npmjs.org/proxy-addr/-/proxy-addr-2.0.7.tgz 1530ms (cache miss)
460 http fetch GET 200 https://registry.npmjs.org/once/-/once-1.4.0.tgz 1530ms (cache miss)
461 http fetch GET 200 https://registry.npmjs.org/merge-descriptors/-/merge-descriptors-2.0.0.tgz 1520ms (cache miss)
462 http fetch GET 200 https://registry.npmjs.org/ms/-/ms-2.1.3.tgz 1562ms (cache miss)
463 http fetch GET 200 https://registry.npmjs.org/statuses/-/statuses-2.0.2.tgz 1552ms (cache miss)
464 http fetch GET 200 https://registry.npmjs.org/range-parser/-/range-parser-1.2.1.tgz 1549ms (cache miss)
465 http fetch GET 200 https://registry.npmjs.org/mime-db/-/mime-db-1.54.0.tgz 1577ms (cache miss)
466 http fetch GET 200 https://registry.npmjs.org/bytes/-/bytes-3.1.2.tgz 1561ms (cache miss)
467 http fetch GET 200 https://registry.npmjs.org/vary/-/vary-1.1.2.tgz 1561ms (cache miss)
468 http fetch GET 200 https://registry.npmjs.org/content-type/-/content-type-1.0.5.tgz 1501ms (cache miss)
469 http fetch GET 200 https://registry.npmjs.org/es-errors/-/es-errors-1.3.0.tgz 1601ms (cache miss)
470 http fetch GET 200 https://registry.npmjs.org/hasown/-/hasown-2.0.2.tgz 1617ms (cache miss)
471 http fetch GET 200 https://registry.npmjs.org/side-channel-weakmap/-/side-channel-weakmap-1.0.2.tgz 1606ms (cache miss)
472 http fetch GET 200 https://registry.npmjs.org/parseurl/-/parseurl-1.3.3.tgz 1563ms (cache miss)
473 http fetch GET 200 https://registry.npmjs.org/on-finished/-/on-finished-2.4.1.tgz 1562ms (cache miss)
474 http fetch GET 200 https://registry.npmjs.org/escape-html/-/escape-html-1.0.3.tgz 1551ms (cache miss)
475 http fetch GET 200 https://registry.npmjs.org/encodeurl/-/encodeurl-2.0.0.tgz 1526ms (cache miss)
476 http fetch GET 200 https://registry.npmjs.org/cookie-signature/-/cookie-signature-1.2.2.tgz 1514ms (cache miss)
477 http fetch GET 200 https://registry.npmjs.org/content-disposition/-/content-disposition-1.0.0.tgz 1510ms (cache miss)
478 http fetch GET 200 https://registry.npmjs.org/accepts/-/accepts-2.0.0.tgz 1517ms (cache miss)
479 http fetch GET 200 https://registry.npmjs.org/statuses/-/statuses-2.0.1.tgz 1502ms (cache miss)
480 http fetch GET 200 https://registry.npmjs.org/dunder-proto/-/dunder-proto-1.0.1.tgz 1645ms (cache miss)
481 http fetch GET 200 https://registry.npmjs.org/ipaddr.js/-/ipaddr.js-1.9.1.tgz 1614ms (cache miss)
482 http fetch GET 200 https://registry.npmjs.org/fresh/-/fresh-2.0.0.tgz 1575ms (cache miss)
483 http fetch GET 200 https://registry.npmjs.org/side-channel/-/side-channel-1.1.0.tgz 1619ms (cache miss)
484 http fetch GET 200 https://registry.npmjs.org/mime-types/-/mime-types-3.0.1.tgz 1587ms (cache miss)
485 http fetch GET 200 https://registry.npmjs.org/etag/-/etag-1.8.1.tgz 1577ms (cache miss)
486 http fetch GET 200 https://registry.npmjs.org/function-bind/-/function-bind-1.1.2.tgz 1642ms (cache miss)
487 http fetch GET 200 https://registry.npmjs.org/safer-buffer/-/safer-buffer-2.1.2.tgz 1617ms (cache miss)
488 http fetch GET 200 https://registry.npmjs.org/negotiator/-/negotiator-1.0.0.tgz 1602ms (cache miss)
489 http fetch GET 200 https://registry.npmjs.org/http-errors/-/http-errors-2.0.0.tgz 1583ms (cache miss)
490 http fetch GET 200 https://registry.npmjs.org/safe-buffer/-/safe-buffer-5.2.1.tgz 1622ms (cache miss)
491 http fetch GET 200 https://registry.npmjs.org/raw-body/-/raw-body-3.0.1.tgz 1614ms (cache miss)
492 http fetch GET 200 https://registry.npmjs.org/call-bind-apply-helpers/-/call-bind-apply-helpers-1.0.2.tgz 1653ms (cache miss)
493 http fetch GET 200 https://registry.npmjs.org/call-bound/-/call-bound-1.0.4.tgz 1650ms (cache miss)
494 http fetch GET 200 https://registry.npmjs.org/serve-static/-/serve-static-2.2.0.tgz 1612ms (cache miss)
495 http fetch GET 200 https://registry.npmjs.org/send/-/send-1.2.0.tgz 1610ms (cache miss)
496 http fetch GET 200 https://registry.npmjs.org/has-symbols/-/has-symbols-1.1.0.tgz 1667ms (cache miss)
497 http fetch GET 200 https://registry.npmjs.org/get-intrinsic/-/get-intrinsic-1.3.0.tgz 1665ms (cache miss)
498 http fetch GET 200 https://registry.npmjs.org/debug/-/debug-4.4.3.tgz 1581ms (cache miss)
499 http fetch GET 200 https://registry.npmjs.org/router/-/router-2.2.0.tgz 1636ms (cache miss)
500 http fetch GET 200 https://registry.npmjs.org/object-inspect/-/object-inspect-1.13.4.tgz 1677ms (cache miss)
501 http fetch GET 200 https://registry.npmjs.org/math-intrinsics/-/math-intrinsics-1.1.0.tgz 1704ms (cache miss)
502 http fetch GET 200 https://registry.npmjs.org/body-parser/-/body-parser-2.2.0.tgz 1596ms (cache miss)
503 http fetch GET 200 https://registry.npmjs.org/express/-/express-5.1.0.tgz 1610ms (cache miss)
504 http fetch GET 200 https://registry.npmjs.org/qs/-/qs-6.14.0.tgz 1701ms (cache miss)
505 http fetch GET 200 https://registry.npmjs.org/iconv-lite/-/iconv-lite-0.6.3.tgz 1759ms (cache miss)
506 http fetch GET 200 https://registry.npmjs.org/iconv-lite/-/iconv-lite-0.7.0.tgz 1676ms (cache miss)
507 silly ADD node_modules/media-typer
508 silly ADD node_modules/dunder-proto
509 silly ADD node_modules/math-intrinsics
510 silly ADD node_modules/hasown
511 silly ADD node_modules/has-symbols
512 silly ADD node_modules/gopd
513 silly ADD node_modules/get-proto
514 silly ADD node_modules/es-object-atoms
515 silly ADD node_modules/es-define-property
516 silly ADD node_modules/function-bind
517 silly ADD node_modules/call-bind-apply-helpers
518 silly ADD node_modules/get-intrinsic
519 silly ADD node_modules/call-bound
520 silly ADD node_modules/side-channel-weakmap
521 silly ADD node_modules/side-channel-map
522 silly ADD node_modules/side-channel-list
523 silly ADD node_modules/object-inspect
524 silly ADD node_modules/es-errors
525 silly ADD node_modules/path-to-regexp
526 silly ADD node_modules/is-promise
527 silly ADD node_modules/unpipe
528 silly ADD node_modules/side-channel
529 silly ADD node_modules/ipaddr.js
530 silly ADD node_modules/forwarded
531 silly ADD node_modules/wrappy
532 silly ADD node_modules/ee-first
533 silly ADD node_modules/mime-db
534 silly ADD node_modules/safer-buffer
535 silly ADD node_modules/toidentifier
536 silly ADD node_modules/setprototypeof
537 silly ADD node_modules/inherits
538 silly ADD node_modules/depd
539 silly ADD node_modules/ms
540 silly ADD node_modules/safe-buffer
541 silly ADD node_modules/raw-body
542 silly ADD node_modules/raw-body/node_modules/iconv-lite
543 silly ADD node_modules/iconv-lite
544 silly ADD node_modules/bytes
545 silly ADD node_modules/negotiator
546 silly ADD node_modules/vary
547 silly ADD node_modules/type-is
548 silly ADD node_modules/statuses
549 silly ADD node_modules/serve-static
550 silly ADD node_modules/send
551 silly ADD node_modules/router
552 silly ADD node_modules/range-parser
553 silly ADD node_modules/qs
554 silly ADD node_modules/proxy-addr
555 silly ADD node_modules/parseurl
556 silly ADD node_modules/once
557 silly ADD node_modules/on-finished
558 silly ADD node_modules/mime-types
559 silly ADD node_modules/merge-descriptors
560 silly ADD node_modules/http-errors
561 silly ADD node_modules/http-errors/node_modules/statuses
562 silly ADD node_modules/fresh
563 silly ADD node_modules/finalhandler
564 silly ADD node_modules/etag
565 silly ADD node_modules/escape-html
566 silly ADD node_modules/encodeurl
567 silly ADD node_modules/debug
568 silly ADD node_modules/cookie-signature
569 silly ADD node_modules/cookie
570 silly ADD node_modules/content-type
571 silly ADD node_modules/content-disposition
572 silly ADD node_modules/body-parser
573 silly ADD node_modules/accepts
574 silly ADD node_modules/express
575 verbose cwd /root/backend
576 verbose os Linux 6.12.0-55.9.1.el10_0.x86_64
577 verbose node v20.19.5
578 verbose npm  v10.8.2
579 notice
579 notice New [31mmajor[39m version of npm available! [31m10.8.2[39m -> [34m11.6.2[39m
579 notice Changelog: [34mhttps://github.com/npm/cli/releases/tag/v11.6.2[39m
579 notice To update run: [4mnpm install -g npm@11.6.2[24m
579 notice  { force: true, [Symbol(proc-log.meta)]: true }
580 verbose exit 0
581 info ok
