0 verbose cli /root/.nvm/versions/node/v20.19.5/bin/node /root/.nvm/versions/node/v20.19.5/bin/npm
1 info using npm@10.8.2
2 info using node@v20.19.5
3 silly config load:file:/root/.nvm/versions/node/v20.19.5/lib/node_modules/npm/npmrc
4 silly config load:file:/root/.npmrc
5 silly config load:file:/root/.nvm/versions/node/v20.19.5/etc/npmrc
6 verbose title npm install express
7 verbose argv "install" "express"
8 verbose logfile logs-max:10 dir:/root/.npm/_logs/2025-10-18T02_19_39_041Z-
9 verbose logfile /root/.npm/_logs/2025-10-18T02_19_39_041Z-debug-0.log
10 silly packumentCache heap:919601152 maxSize:229900288 maxEntrySize:114950144
11 silly logfile done cleaning log files
12 silly idealTree buildDeps
13 silly fetch manifest express@*
14 silly packumentCache full:https://registry.npmjs.org/express cache-miss
15 http fetch GET 200 https://registry.npmjs.org/express 524ms (cache revalidated)
16 silly packumentCache full:https://registry.npmjs.org/express set size:796286 disposed:false
17 silly placeDep ROOT express@5.1.0 OK for: root@1.0.0 want: *
18 silly fetch manifest qs@^6.14.0
19 silly packumentCache full:https://registry.npmjs.org/qs cache-miss
20 http fetch GET 200 https://registry.npmjs.org/qs 130ms (cache revalidated)
21 silly packumentCache full:https://registry.npmjs.org/qs set size:264677 disposed:false
22 silly fetch manifest etag@^1.8.1
23 silly packumentCache full:https://registry.npmjs.org/etag cache-miss
24 http fetch GET 200 https://registry.npmjs.org/etag 106ms (cache revalidated)
25 silly packumentCache full:https://registry.npmjs.org/etag set size:30032 disposed:false
26 silly fetch manifest once@^1.4.0
27 silly packumentCache full:https://registry.npmjs.org/once cache-miss
28 http fetch GET 200 https://registry.npmjs.org/once 88ms (cache revalidated)
29 silly packumentCache full:https://registry.npmjs.org/once set size:11768 disposed:false
30 silly fetch manifest send@^1.1.0
31 silly packumentCache full:https://registry.npmjs.org/send cache-miss
32 http fetch GET 200 https://registry.npmjs.org/send 87ms (cache revalidated)
33 silly packumentCache full:https://registry.npmjs.org/send set size:147586 disposed:false
34 silly fetch manifest vary@^1.1.2
35 silly packumentCache full:https://registry.npmjs.org/vary cache-miss
36 http fetch GET 200 https://registry.npmjs.org/vary 106ms (cache revalidated)
37 silly packumentCache full:https://registry.npmjs.org/vary set size:16018 disposed:false
38 silly fetch manifest debug@^4.4.0
39 silly packumentCache full:https://registry.npmjs.org/debug cache-miss
40 http fetch GET 200 https://registry.npmjs.org/debug 137ms (cache revalidated)
41 silly packumentCache full:https://registry.npmjs.org/debug set size:195840 disposed:false
42 silly fetch manifest fresh@^2.0.0
43 silly packumentCache full:https://registry.npmjs.org/fresh cache-miss
44 http fetch GET 200 https://registry.npmjs.org/fresh 141ms (cache revalidated)
45 silly packumentCache full:https://registry.npmjs.org/fresh set size:25427 disposed:false
46 silly fetch manifest cookie@^0.7.1
47 silly packumentCache full:https://registry.npmjs.org/cookie cache-miss
48 http fetch GET 200 https://registry.npmjs.org/cookie 93ms (cache revalidated)
49 silly packumentCache full:https://registry.npmjs.org/cookie set size:67180 disposed:false
50 silly fetch manifest router@^2.2.0
51 silly packumentCache full:https://registry.npmjs.org/router cache-miss
52 http fetch GET 200 https://registry.npmjs.org/router 140ms (cache revalidated)
53 silly packumentCache full:https://registry.npmjs.org/router set size:116499 disposed:false
54 silly fetch manifest accepts@^2.0.0
55 silly packumentCache full:https://registry.npmjs.org/accepts cache-miss
56 http fetch GET 200 https://registry.npmjs.org/accepts 122ms (cache revalidated)
57 silly packumentCache full:https://registry.npmjs.org/accepts set size:77054 disposed:false
58 silly fetch manifest type-is@^2.0.1
59 silly packumentCache full:https://registry.npmjs.org/type-is cache-miss
60 http fetch GET 200 https://registry.npmjs.org/type-is 89ms (cache revalidated)
61 silly packumentCache full:https://registry.npmjs.org/type-is set size:86196 disposed:false
62 silly fetch manifest parseurl@^1.3.3
63 silly packumentCache full:https://registry.npmjs.org/parseurl cache-miss
64 http fetch GET 200 https://registry.npmjs.org/parseurl 85ms (cache revalidated)
65 silly packumentCache full:https://registry.npmjs.org/parseurl set size:24148 disposed:false
66 silly fetch manifest statuses@^2.0.1
67 silly packumentCache full:https://registry.npmjs.org/statuses cache-miss
68 http fetch GET 200 https://registry.npmjs.org/statuses 110ms (cache revalidated)
69 silly packumentCache full:https://registry.npmjs.org/statuses set size:37117 disposed:false
70 silly fetch manifest encodeurl@^2.0.0
71 silly packumentCache full:https://registry.npmjs.org/encodeurl cache-miss
72 http fetch GET 200 https://registry.npmjs.org/encodeurl 220ms (cache revalidated)
73 silly packumentCache full:https://registry.npmjs.org/encodeurl set size:12296 disposed:false
74 silly fetch manifest mime-types@^3.0.0
75 silly packumentCache full:https://registry.npmjs.org/mime-types cache-miss
76 http fetch GET 200 https://registry.npmjs.org/mime-types 104ms (cache revalidated)
77 silly packumentCache full:https://registry.npmjs.org/mime-types set size:136716 disposed:false
78 silly fetch manifest proxy-addr@^2.0.7
79 silly packumentCache full:https://registry.npmjs.org/proxy-addr cache-miss
80 http fetch GET 200 https://registry.npmjs.org/proxy-addr 99ms (cache revalidated)
81 silly packumentCache full:https://registry.npmjs.org/proxy-addr set size:61619 disposed:false
82 silly fetch manifest body-parser@^2.2.0
83 silly packumentCache full:https://registry.npmjs.org/body-parser cache-miss
84 http fetch GET 200 https://registry.npmjs.org/body-parser 142ms (cache updated)
85 silly packumentCache full:https://registry.npmjs.org/body-parser set size:undefined disposed:false
86 silly fetch manifest escape-html@^1.0.3
87 silly packumentCache full:https://registry.npmjs.org/escape-html cache-miss
88 http fetch GET 200 https://registry.npmjs.org/escape-html 82ms (cache revalidated)
89 silly packumentCache full:https://registry.npmjs.org/escape-html set size:7345 disposed:false
90 silly fetch manifest http-errors@^2.0.0
91 silly packumentCache full:https://registry.npmjs.org/http-errors cache-miss
92 http fetch GET 200 https://registry.npmjs.org/http-errors 77ms (cache revalidated)
93 silly packumentCache full:https://registry.npmjs.org/http-errors set size:69537 disposed:false
94 silly fetch manifest on-finished@^2.4.1
95 silly packumentCache full:https://registry.npmjs.org/on-finished cache-miss
96 http fetch GET 200 https://registry.npmjs.org/on-finished 82ms (cache revalidated)
97 silly packumentCache full:https://registry.npmjs.org/on-finished set size:23212 disposed:false
98 silly fetch manifest content-type@^1.0.5
99 silly packumentCache full:https://registry.npmjs.org/content-type cache-miss
100 http fetch GET 200 https://registry.npmjs.org/content-type 84ms (cache revalidated)
101 silly packumentCache full:https://registry.npmjs.org/content-type set size:17311 disposed:false
102 silly fetch manifest finalhandler@^2.1.0
103 silly packumentCache full:https://registry.npmjs.org/finalhandler cache-miss
104 http fetch GET 200 https://registry.npmjs.org/finalhandler 87ms (cache revalidated)
105 silly packumentCache full:https://registry.npmjs.org/finalhandler set size:74406 disposed:false
106 silly fetch manifest range-parser@^1.2.1
107 silly packumentCache full:https://registry.npmjs.org/range-parser cache-miss
108 http fetch GET 200 https://registry.npmjs.org/range-parser 82ms (cache revalidated)
109 silly packumentCache full:https://registry.npmjs.org/range-parser set size:22228 disposed:false
110 silly fetch manifest serve-static@^2.2.0
111 silly packumentCache full:https://registry.npmjs.org/serve-static cache-miss
112 http fetch GET 200 https://registry.npmjs.org/serve-static 89ms (cache revalidated)
113 silly packumentCache full:https://registry.npmjs.org/serve-static set size:145938 disposed:false
114 silly fetch manifest cookie-signature@^1.2.1
115 silly packumentCache full:https://registry.npmjs.org/cookie-signature cache-miss
116 http fetch GET 200 https://registry.npmjs.org/cookie-signature 106ms (cache revalidated)
117 silly packumentCache full:https://registry.npmjs.org/cookie-signature set size:21777 disposed:false
118 silly fetch manifest merge-descriptors@^2.0.0
119 silly packumentCache full:https://registry.npmjs.org/merge-descriptors cache-miss
120 http fetch GET 200 https://registry.npmjs.org/merge-descriptors 120ms (cache revalidated)
121 silly packumentCache full:https://registry.npmjs.org/merge-descriptors set size:16527 disposed:false
122 silly fetch manifest content-disposition@^1.0.0
123 silly packumentCache full:https://registry.npmjs.org/content-disposition cache-miss
124 http fetch GET 200 https://registry.npmjs.org/content-disposition 103ms (cache revalidated)
125 silly packumentCache full:https://registry.npmjs.org/content-disposition set size:26893 disposed:false
126 silly placeDep ROOT accepts@2.0.0 OK for: express@5.1.0 want: ^2.0.0
127 silly placeDep ROOT body-parser@2.2.0 OK for: express@5.1.0 want: ^2.2.0
128 silly placeDep ROOT content-disposition@1.0.0 OK for: express@5.1.0 want: ^1.0.0
129 silly placeDep ROOT content-type@1.0.5 OK for: express@5.1.0 want: ^1.0.5
130 silly placeDep ROOT cookie@0.7.2 OK for: express@5.1.0 want: ^0.7.1
131 silly placeDep ROOT cookie-signature@1.2.2 OK for: express@5.1.0 want: ^1.2.1
132 silly placeDep ROOT debug@4.4.3 OK for: express@5.1.0 want: ^4.4.0
133 silly placeDep ROOT encodeurl@2.0.0 OK for: express@5.1.0 want: ^2.0.0
134 silly placeDep ROOT escape-html@1.0.3 OK for: express@5.1.0 want: ^1.0.3
135 silly placeDep ROOT etag@1.8.1 OK for: express@5.1.0 want: ^1.8.1
136 silly placeDep ROOT finalhandler@2.1.0 OK for: express@5.1.0 want: ^2.1.0
137 silly placeDep ROOT fresh@2.0.0 OK for: express@5.1.0 want: ^2.0.0
138 silly placeDep ROOT http-errors@2.0.0 OK for: express@5.1.0 want: ^2.0.0
139 silly placeDep ROOT merge-descriptors@2.0.0 OK for: express@5.1.0 want: ^2.0.0
140 silly placeDep ROOT mime-types@3.0.1 OK for: express@5.1.0 want: ^3.0.0
141 silly placeDep ROOT on-finished@2.4.1 OK for: express@5.1.0 want: ^2.4.1
142 silly placeDep ROOT once@1.4.0 OK for: express@5.1.0 want: ^1.4.0
143 silly placeDep ROOT parseurl@1.3.3 OK for: express@5.1.0 want: ^1.3.3
144 silly placeDep ROOT proxy-addr@2.0.7 OK for: express@5.1.0 want: ^2.0.7
145 silly placeDep ROOT qs@6.14.0 OK for: express@5.1.0 want: ^6.14.0
146 silly placeDep ROOT range-parser@1.2.1 OK for: express@5.1.0 want: ^1.2.1
147 silly placeDep ROOT router@2.2.0 OK for: express@5.1.0 want: ^2.2.0
148 silly placeDep ROOT send@1.2.0 OK for: express@5.1.0 want: ^1.1.0
149 silly placeDep ROOT serve-static@2.2.0 OK for: express@5.1.0 want: ^2.2.0
150 silly placeDep ROOT statuses@2.0.2 OK for: express@5.1.0 want: ^2.0.1
151 silly placeDep ROOT type-is@2.0.1 OK for: express@5.1.0 want: ^2.0.1
152 silly placeDep ROOT vary@1.1.2 OK for: express@5.1.0 want: ^1.1.2
153 silly fetch manifest negotiator@^1.0.0
154 silly packumentCache full:https://registry.npmjs.org/negotiator cache-miss
155 http fetch GET 200 https://registry.npmjs.org/negotiator 94ms (cache revalidated)
156 silly packumentCache full:https://registry.npmjs.org/negotiator set size:48046 disposed:false
157 silly fetch manifest bytes@^3.1.2
158 silly packumentCache full:https://registry.npmjs.org/bytes cache-miss
159 http fetch GET 200 https://registry.npmjs.org/bytes 93ms (cache revalidated)
160 silly packumentCache full:https://registry.npmjs.org/bytes set size:37018 disposed:false
161 silly fetch manifest type-is@^2.0.0
162 silly packumentCache full:https://registry.npmjs.org/type-is cache-hit
163 silly fetch manifest raw-body@^3.0.0
164 silly packumentCache full:https://registry.npmjs.org/raw-body cache-miss
165 http fetch GET 200 https://registry.npmjs.org/raw-body 86ms (cache revalidated)
166 silly packumentCache full:https://registry.npmjs.org/raw-body set size:111234 disposed:false
167 silly fetch manifest iconv-lite@^0.6.3
168 silly packumentCache full:https://registry.npmjs.org/iconv-lite cache-miss
169 http fetch GET 200 https://registry.npmjs.org/iconv-lite 128ms (cache revalidated)
170 silly packumentCache full:https://registry.npmjs.org/iconv-lite set size:118890 disposed:false
171 silly fetch manifest safe-buffer@5.2.1
172 silly packumentCache full:https://registry.npmjs.org/safe-buffer cache-miss
173 http fetch GET 200 https://registry.npmjs.org/safe-buffer 85ms (cache revalidated)
174 silly packumentCache full:https://registry.npmjs.org/safe-buffer set size:41183 disposed:false
175 silly fetch manifest ms@^2.1.3
176 silly packumentCache full:https://registry.npmjs.org/ms cache-miss
177 http fetch GET 200 https://registry.npmjs.org/ms 95ms (cache revalidated)
178 silly packumentCache full:https://registry.npmjs.org/ms set size:92208 disposed:false
179 silly fetch manifest depd@2.0.0
180 silly packumentCache full:https://registry.npmjs.org/depd cache-miss
181 http fetch GET 200 https://registry.npmjs.org/depd 204ms (cache revalidated)
182 silly packumentCache full:https://registry.npmjs.org/depd set size:40182 disposed:false
183 silly fetch manifest inherits@2.0.4
184 silly packumentCache full:https://registry.npmjs.org/inherits cache-miss
185 http fetch GET 200 https://registry.npmjs.org/inherits 356ms (cache revalidated)
186 silly packumentCache full:https://registry.npmjs.org/inherits set size:12925 disposed:false
187 silly fetch manifest statuses@2.0.1
188 silly packumentCache full:https://registry.npmjs.org/statuses cache-hit
189 silly fetch manifest toidentifier@1.0.1
190 silly packumentCache full:https://registry.npmjs.org/toidentifier cache-miss
191 http fetch GET 200 https://registry.npmjs.org/toidentifier 97ms (cache revalidated)
192 silly packumentCache full:https://registry.npmjs.org/toidentifier set size:12006 disposed:false
193 silly fetch manifest setprototypeof@1.2.0
194 silly packumentCache full:https://registry.npmjs.org/setprototypeof cache-miss
195 http fetch GET 200 https://registry.npmjs.org/setprototypeof 112ms (cache revalidated)
196 silly packumentCache full:https://registry.npmjs.org/setprototypeof set size:14532 disposed:false
197 silly fetch manifest mime-db@^1.54.0
198 silly packumentCache full:https://registry.npmjs.org/mime-db cache-miss
199 http fetch GET 200 https://registry.npmjs.org/mime-db 83ms (cache revalidated)
200 silly packumentCache full:https://registry.npmjs.org/mime-db set size:164953 disposed:false
201 silly fetch manifest ee-first@1.1.1
202 silly packumentCache full:https://registry.npmjs.org/ee-first cache-miss
203 http fetch GET 200 https://registry.npmjs.org/ee-first 90ms (cache revalidated)
204 silly packumentCache full:https://registry.npmjs.org/ee-first set size:15327 disposed:false
205 silly fetch manifest wrappy@1
206 silly packumentCache full:https://registry.npmjs.org/wrappy cache-miss
207 http fetch GET 200 https://registry.npmjs.org/wrappy 115ms (cache revalidated)
208 silly packumentCache full:https://registry.npmjs.org/wrappy set size:7682 disposed:false
209 silly fetch manifest forwarded@0.2.0
210 silly packumentCache full:https://registry.npmjs.org/forwarded cache-miss
211 http fetch GET 200 https://registry.npmjs.org/forwarded 85ms (cache revalidated)
212 silly packumentCache full:https://registry.npmjs.org/forwarded set size:11229 disposed:false
213 silly fetch manifest ipaddr.js@1.9.1
214 silly packumentCache full:https://registry.npmjs.org/ipaddr.js cache-miss
215 http fetch GET 200 https://registry.npmjs.org/ipaddr.js 90ms (cache revalidated)
216 silly packumentCache full:https://registry.npmjs.org/ipaddr.js set size:65942 disposed:false
217 silly fetch manifest side-channel@^1.1.0
218 silly packumentCache full:https://registry.npmjs.org/side-channel cache-miss
219 http fetch GET 200 https://registry.npmjs.org/side-channel 91ms (cache revalidated)
220 silly packumentCache full:https://registry.npmjs.org/side-channel set size:24660 disposed:false
221 silly fetch manifest depd@^2.0.0
222 silly packumentCache full:https://registry.npmjs.org/depd cache-hit
223 silly fetch manifest is-promise@^4.0.0
224 silly packumentCache full:https://registry.npmjs.org/is-promise cache-miss
225 http fetch GET 200 https://registry.npmjs.org/is-promise 104ms (cache revalidated)
226 silly packumentCache full:https://registry.npmjs.org/is-promise set size:18599 disposed:false
227 silly fetch manifest path-to-regexp@^8.0.0
228 silly packumentCache full:https://registry.npmjs.org/path-to-regexp cache-miss
229 http fetch GET 200 https://registry.npmjs.org/path-to-regexp 84ms (cache revalidated)
230 silly packumentCache full:https://registry.npmjs.org/path-to-regexp set size:207142 disposed:false
231 silly fetch manifest media-typer@^1.1.0
232 silly packumentCache full:https://registry.npmjs.org/media-typer cache-miss
233 http fetch GET 200 https://registry.npmjs.org/media-typer 88ms (cache revalidated)
234 silly packumentCache full:https://registry.npmjs.org/media-typer set size:20873 disposed:false
235 silly placeDep ROOT negotiator@1.0.0 OK for: accepts@2.0.0 want: ^1.0.0
236 silly placeDep ROOT bytes@3.1.2 OK for: body-parser@2.2.0 want: ^3.1.2
237 silly placeDep ROOT iconv-lite@0.6.3 OK for: body-parser@2.2.0 want: ^0.6.3
238 silly placeDep ROOT raw-body@3.0.1 OK for: body-parser@2.2.0 want: ^3.0.0
239 silly fetch manifest safer-buffer@>= 2.1.2 < 3.0.0
240 silly packumentCache full:https://registry.npmjs.org/safer-buffer cache-miss
241 http fetch GET 200 https://registry.npmjs.org/safer-buffer 94ms (cache revalidated)
242 silly packumentCache full:https://registry.npmjs.org/safer-buffer set size:18521 disposed:false
243 silly fetch manifest iconv-lite@0.7.0
244 silly packumentCache full:https://registry.npmjs.org/iconv-lite cache-hit
245 silly fetch manifest unpipe@1.0.0
246 silly packumentCache full:https://registry.npmjs.org/unpipe cache-miss
247 http fetch GET 200 https://registry.npmjs.org/unpipe 82ms (cache revalidated)
248 silly packumentCache full:https://registry.npmjs.org/unpipe set size:3537 disposed:false
249 silly placeDep ROOT safe-buffer@5.2.1 OK for: content-disposition@1.0.0 want: 5.2.1
250 silly placeDep ROOT ms@2.1.3 OK for: debug@4.4.3 want: ^2.1.3
251 silly placeDep ROOT depd@2.0.0 OK for: http-errors@2.0.0 want: 2.0.0
252 silly placeDep ROOT inherits@2.0.4 OK for: http-errors@2.0.0 want: 2.0.4
253 silly placeDep ROOT setprototypeof@1.2.0 OK for: http-errors@2.0.0 want: 1.2.0
254 silly placeDep node_modules/http-errors statuses@2.0.1 OK for: http-errors@2.0.0 want: 2.0.1
255 silly placeDep ROOT toidentifier@1.0.1 OK for: http-errors@2.0.0 want: 1.0.1
256 silly placeDep ROOT safer-buffer@2.1.2 OK for: iconv-lite@0.6.3 want: >= 2.1.2 < 3.0.0
257 silly placeDep ROOT mime-db@1.54.0 OK for: mime-types@3.0.1 want: ^1.54.0
258 silly placeDep ROOT ee-first@1.1.1 OK for: on-finished@2.4.1 want: 1.1.1
259 silly placeDep ROOT wrappy@1.0.2 OK for: once@1.4.0 want: 1
260 silly placeDep ROOT forwarded@0.2.0 OK for: proxy-addr@2.0.7 want: 0.2.0
261 silly placeDep ROOT ipaddr.js@1.9.1 OK for: proxy-addr@2.0.7 want: 1.9.1
262 silly placeDep ROOT side-channel@1.1.0 OK for: qs@6.14.0 want: ^1.1.0
263 silly fetch manifest es-errors@^1.3.0
264 silly packumentCache full:https://registry.npmjs.org/es-errors cache-miss
265 http fetch GET 200 https://registry.npmjs.org/es-errors 107ms (cache revalidated)
266 silly packumentCache full:https://registry.npmjs.org/es-errors set size:16918 disposed:false
267 silly fetch manifest object-inspect@^1.13.3
268 silly packumentCache full:https://registry.npmjs.org/object-inspect cache-miss
269 http fetch GET 200 https://registry.npmjs.org/object-inspect 90ms (cache revalidated)
270 silly packumentCache full:https://registry.npmjs.org/object-inspect set size:101912 disposed:false
271 silly fetch manifest side-channel-list@^1.0.0
272 silly packumentCache full:https://registry.npmjs.org/side-channel-list cache-miss
273 http fetch GET 200 https://registry.npmjs.org/side-channel-list 101ms (cache revalidated)
274 silly packumentCache full:https://registry.npmjs.org/side-channel-list set size:6005 disposed:false
275 silly fetch manifest side-channel-map@^1.0.1
276 silly packumentCache full:https://registry.npmjs.org/side-channel-map cache-miss
277 http fetch GET 200 https://registry.npmjs.org/side-channel-map 91ms (cache revalidated)
278 silly packumentCache full:https://registry.npmjs.org/side-channel-map set size:9126 disposed:false
279 silly fetch manifest side-channel-weakmap@^1.0.2
280 silly packumentCache full:https://registry.npmjs.org/side-channel-weakmap cache-miss
281 http fetch GET 200 https://registry.npmjs.org/side-channel-weakmap 83ms (cache revalidated)
282 silly packumentCache full:https://registry.npmjs.org/side-channel-weakmap set size:12620 disposed:false
283 silly placeDep node_modules/raw-body iconv-lite@0.7.0 OK for: raw-body@3.0.1 want: 0.7.0
284 silly placeDep ROOT unpipe@1.0.0 OK for: raw-body@3.0.1 want: 1.0.0
285 silly placeDep ROOT is-promise@4.0.0 OK for: router@2.2.0 want: ^4.0.0
286 silly placeDep ROOT path-to-regexp@8.3.0 OK for: router@2.2.0 want: ^8.0.0
287 silly placeDep ROOT es-errors@1.3.0 OK for: side-channel@1.1.0 want: ^1.3.0
288 silly placeDep ROOT object-inspect@1.13.4 OK for: side-channel@1.1.0 want: ^1.13.3
289 silly placeDep ROOT side-channel-list@1.0.0 OK for: side-channel@1.1.0 want: ^1.0.0
290 silly placeDep ROOT side-channel-map@1.0.1 OK for: side-channel@1.1.0 want: ^1.0.1
291 silly placeDep ROOT side-channel-weakmap@1.0.2 OK for: side-channel@1.1.0 want: ^1.0.2
292 silly fetch manifest call-bound@^1.0.2
293 silly packumentCache full:https://registry.npmjs.org/call-bound cache-miss
294 http fetch GET 200 https://registry.npmjs.org/call-bound 111ms (cache revalidated)
295 silly packumentCache full:https://registry.npmjs.org/call-bound set size:15317 disposed:false
296 silly fetch manifest get-intrinsic@^1.2.5
297 silly packumentCache full:https://registry.npmjs.org/get-intrinsic cache-miss
298 http fetch GET 200 https://registry.npmjs.org/get-intrinsic 99ms (cache revalidated)
299 silly packumentCache full:https://registry.npmjs.org/get-intrinsic set size:60985 disposed:false
300 silly placeDep ROOT call-bound@1.0.4 OK for: side-channel-map@1.0.1 want: ^1.0.2
301 silly placeDep ROOT get-intrinsic@1.3.0 OK for: side-channel-map@1.0.1 want: ^1.2.5
302 silly fetch manifest call-bind-apply-helpers@^1.0.2
303 silly packumentCache full:https://registry.npmjs.org/call-bind-apply-helpers cache-miss
304 http fetch GET 200 https://registry.npmjs.org/call-bind-apply-helpers 86ms (cache revalidated)
305 silly packumentCache full:https://registry.npmjs.org/call-bind-apply-helpers set size:12744 disposed:false
306 silly fetch manifest get-intrinsic@^1.3.0
307 silly packumentCache full:https://registry.npmjs.org/get-intrinsic cache-hit
308 silly fetch manifest gopd@^1.2.0
309 silly packumentCache full:https://registry.npmjs.org/gopd cache-miss
310 http fetch GET 200 https://registry.npmjs.org/gopd 162ms (cache revalidated)
311 silly packumentCache full:https://registry.npmjs.org/gopd set size:11458 disposed:false
312 silly fetch manifest hasown@^2.0.2
313 silly packumentCache full:https://registry.npmjs.org/hasown cache-miss
314 http fetch GET 200 https://registry.npmjs.org/hasown 87ms (cache revalidated)
315 silly packumentCache full:https://registry.npmjs.org/hasown set size:12476 disposed:false
316 silly fetch manifest get-proto@^1.0.1
317 silly packumentCache full:https://registry.npmjs.org/get-proto cache-miss
318 http fetch GET 200 https://registry.npmjs.org/get-proto 95ms (cache revalidated)
319 silly packumentCache full:https://registry.npmjs.org/get-proto set size:8300 disposed:false
320 silly fetch manifest has-symbols@^1.1.0
321 silly packumentCache full:https://registry.npmjs.org/has-symbols cache-miss
322 http fetch GET 200 https://registry.npmjs.org/has-symbols 99ms (cache revalidated)
323 silly packumentCache full:https://registry.npmjs.org/has-symbols set size:21550 disposed:false
324 silly fetch manifest function-bind@^1.1.2
325 silly packumentCache full:https://registry.npmjs.org/function-bind cache-miss
326 http fetch GET 200 https://registry.npmjs.org/function-bind 101ms (cache revalidated)
327 silly packumentCache full:https://registry.npmjs.org/function-bind set size:15733 disposed:false
328 silly fetch manifest es-object-atoms@^1.1.1
329 silly packumentCache full:https://registry.npmjs.org/es-object-atoms cache-miss
330 http fetch GET 200 https://registry.npmjs.org/es-object-atoms 80ms (cache revalidated)
331 silly packumentCache full:https://registry.npmjs.org/es-object-atoms set size:15304 disposed:false
332 silly fetch manifest math-intrinsics@^1.1.0
333 silly packumentCache full:https://registry.npmjs.org/math-intrinsics cache-miss
334 http fetch GET 200 https://registry.npmjs.org/math-intrinsics 88ms (cache revalidated)
335 silly packumentCache full:https://registry.npmjs.org/math-intrinsics set size:9265 disposed:false
336 silly fetch manifest es-define-property@^1.0.1
337 silly packumentCache full:https://registry.npmjs.org/es-define-property cache-miss
338 http fetch GET 200 https://registry.npmjs.org/es-define-property 81ms (cache revalidated)
339 silly packumentCache full:https://registry.npmjs.org/es-define-property set size:8542 disposed:false
340 silly placeDep ROOT call-bind-apply-helpers@1.0.2 OK for: call-bound@1.0.4 want: ^1.0.2
341 silly placeDep ROOT function-bind@1.1.2 OK for: call-bind-apply-helpers@1.0.2 want: ^1.1.2
342 silly placeDep ROOT es-define-property@1.0.1 OK for: get-intrinsic@1.3.0 want: ^1.0.1
343 silly placeDep ROOT es-object-atoms@1.1.1 OK for: get-intrinsic@1.3.0 want: ^1.1.1
344 silly placeDep ROOT get-proto@1.0.1 OK for: get-intrinsic@1.3.0 want: ^1.0.1
345 silly placeDep ROOT gopd@1.2.0 OK for: get-intrinsic@1.3.0 want: ^1.2.0
346 silly placeDep ROOT has-symbols@1.1.0 OK for: get-intrinsic@1.3.0 want: ^1.1.0
347 silly placeDep ROOT hasown@2.0.2 OK for: get-intrinsic@1.3.0 want: ^2.0.2
348 silly placeDep ROOT math-intrinsics@1.1.0 OK for: get-intrinsic@1.3.0 want: ^1.1.0
349 silly fetch manifest dunder-proto@^1.0.1
350 silly packumentCache full:https://registry.npmjs.org/dunder-proto cache-miss
351 http fetch GET 200 https://registry.npmjs.org/dunder-proto 92ms (cache revalidated)
352 silly packumentCache full:https://registry.npmjs.org/dunder-proto set size:8256 disposed:false
353 silly placeDep ROOT dunder-proto@1.0.1 OK for: get-proto@1.0.1 want: ^1.0.1
354 silly placeDep ROOT media-typer@1.1.0 OK for: type-is@2.0.1 want: ^1.1.0
355 silly reify moves {}
356 silly audit bulk request {
356 silly audit   express: [ '5.1.0' ],
356 silly audit   accepts: [ '2.0.0' ],
356 silly audit   'body-parser': [ '2.2.0' ],
356 silly audit   'content-disposition': [ '1.0.0' ],
356 silly audit   'content-type': [ '1.0.5' ],
356 silly audit   cookie: [ '0.7.2' ],
356 silly audit   'cookie-signature': [ '1.2.2' ],
356 silly audit   debug: [ '4.4.3' ],
356 silly audit   encodeurl: [ '2.0.0' ],
356 silly audit   'escape-html': [ '1.0.3' ],
356 silly audit   etag: [ '1.8.1' ],
356 silly audit   finalhandler: [ '2.1.0' ],
356 silly audit   fresh: [ '2.0.0' ],
356 silly audit   'http-errors': [ '2.0.0' ],
356 silly audit   'merge-descriptors': [ '2.0.0' ],
356 silly audit   'mime-types': [ '3.0.1' ],
356 silly audit   'on-finished': [ '2.4.1' ],
356 silly audit   once: [ '1.4.0' ],
356 silly audit   parseurl: [ '1.3.3' ],
356 silly audit   'proxy-addr': [ '2.0.7' ],
356 silly audit   qs: [ '6.14.0' ],
356 silly audit   'range-parser': [ '1.2.1' ],
356 silly audit   router: [ '2.2.0' ],
356 silly audit   send: [ '1.2.0' ],
356 silly audit   'serve-static': [ '2.2.0' ],
356 silly audit   statuses: [ '2.0.2', '2.0.1' ],
356 silly audit   'type-is': [ '2.0.1' ],
356 silly audit   vary: [ '1.1.2' ],
356 silly audit   negotiator: [ '1.0.0' ],
356 silly audit   bytes: [ '3.1.2' ],
356 silly audit   'iconv-lite': [ '0.6.3', '0.7.0' ],
356 silly audit   'raw-body': [ '3.0.1' ],
356 silly audit   'safe-buffer': [ '5.2.1' ],
356 silly audit   ms: [ '2.1.3' ],
356 silly audit   depd: [ '2.0.0' ],
356 silly audit   inherits: [ '2.0.4' ],
356 silly audit   setprototypeof: [ '1.2.0' ],
356 silly audit   toidentifier: [ '1.0.1' ],
356 silly audit   'safer-buffer': [ '2.1.2' ],
356 silly audit   'mime-db': [ '1.54.0' ],
356 silly audit   'ee-first': [ '1.1.1' ],
356 silly audit   wrappy: [ '1.0.2' ],
356 silly audit   forwarded: [ '0.2.0' ],
356 silly audit   'ipaddr.js': [ '1.9.1' ],
356 silly audit   'side-channel': [ '1.1.0' ],
356 silly audit   unpipe: [ '1.0.0' ],
356 silly audit   'is-promise': [ '4.0.0' ],
356 silly audit   'path-to-regexp': [ '8.3.0' ],
356 silly audit   'es-errors': [ '1.3.0' ],
356 silly audit   'object-inspect': [ '1.13.4' ],
356 silly audit   'side-channel-list': [ '1.0.0' ],
356 silly audit   'side-channel-map': [ '1.0.1' ],
356 silly audit   'side-channel-weakmap': [ '1.0.2' ],
356 silly audit   'call-bound': [ '1.0.4' ],
356 silly audit   'get-intrinsic': [ '1.3.0' ],
356 silly audit   'call-bind-apply-helpers': [ '1.0.2' ],
356 silly audit   'function-bind': [ '1.1.2' ],
356 silly audit   'es-define-property': [ '1.0.1' ],
356 silly audit   'es-object-atoms': [ '1.1.1' ],
356 silly audit   'get-proto': [ '1.0.1' ],
356 silly audit   gopd: [ '1.2.0' ],
356 silly audit   'has-symbols': [ '1.1.0' ],
356 silly audit   hasown: [ '2.0.2' ],
356 silly audit   'math-intrinsics': [ '1.1.0' ],
356 silly audit   'dunder-proto': [ '1.0.1' ],
356 silly audit   'media-typer': [ '1.1.0' ]
356 silly audit }
357 http fetch POST 200 https://registry.npmjs.org/-/npm/v1/security/advisories/bulk 651ms
358 silly audit report {}
359 silly ADD node_modules/media-typer
360 silly ADD node_modules/dunder-proto
361 silly ADD node_modules/math-intrinsics
362 silly ADD node_modules/hasown
363 silly ADD node_modules/has-symbols
364 silly ADD node_modules/gopd
365 silly ADD node_modules/get-proto
366 silly ADD node_modules/es-object-atoms
367 silly ADD node_modules/es-define-property
368 silly ADD node_modules/function-bind
369 silly ADD node_modules/call-bind-apply-helpers
370 silly ADD node_modules/get-intrinsic
371 silly ADD node_modules/call-bound
372 silly ADD node_modules/side-channel-weakmap
373 silly ADD node_modules/side-channel-map
374 silly ADD node_modules/side-channel-list
375 silly ADD node_modules/object-inspect
376 silly ADD node_modules/es-errors
377 silly ADD node_modules/path-to-regexp
378 silly ADD node_modules/is-promise
379 silly ADD node_modules/unpipe
380 silly ADD node_modules/side-channel
381 silly ADD node_modules/ipaddr.js
382 silly ADD node_modules/forwarded
383 silly ADD node_modules/wrappy
384 silly ADD node_modules/ee-first
385 silly ADD node_modules/mime-db
386 silly ADD node_modules/safer-buffer
387 silly ADD node_modules/toidentifier
388 silly ADD node_modules/setprototypeof
389 silly ADD node_modules/inherits
390 silly ADD node_modules/depd
391 silly ADD node_modules/ms
392 silly ADD node_modules/safe-buffer
393 silly ADD node_modules/raw-body
394 silly ADD node_modules/raw-body/node_modules/iconv-lite
395 silly ADD node_modules/iconv-lite
396 silly ADD node_modules/bytes
397 silly ADD node_modules/negotiator
398 silly ADD node_modules/vary
399 silly ADD node_modules/type-is
400 silly ADD node_modules/statuses
401 silly ADD node_modules/serve-static
402 silly ADD node_modules/send
403 silly ADD node_modules/router
404 silly ADD node_modules/range-parser
405 silly ADD node_modules/qs
406 silly ADD node_modules/proxy-addr
407 silly ADD node_modules/parseurl
408 silly ADD node_modules/once
409 silly ADD node_modules/on-finished
410 silly ADD node_modules/mime-types
411 silly ADD node_modules/merge-descriptors
412 silly ADD node_modules/http-errors
413 silly ADD node_modules/http-errors/node_modules/statuses
414 silly ADD node_modules/fresh
415 silly ADD node_modules/finalhandler
416 silly ADD node_modules/etag
417 silly ADD node_modules/escape-html
418 silly ADD node_modules/encodeurl
419 silly ADD node_modules/debug
420 silly ADD node_modules/cookie-signature
421 silly ADD node_modules/cookie
422 silly ADD node_modules/content-type
423 silly ADD node_modules/content-disposition
424 silly ADD node_modules/body-parser
425 silly ADD node_modules/accepts
426 silly ADD node_modules/express
427 verbose cwd /root
428 verbose os Linux 6.12.0-55.9.1.el10_0.x86_64
429 verbose node v20.19.5
430 verbose npm  v10.8.2
431 verbose exit 0
432 info ok
