0 verbose cli /root/.nvm/versions/node/v20.19.5/bin/node /root/.nvm/versions/node/v20.19.5/bin/npm
1 info using npm@10.8.2
2 info using node@v20.19.5
3 silly config load:file:/root/.nvm/versions/node/v20.19.5/lib/node_modules/npm/npmrc
4 silly config load:file:/root/backend/.npmrc
5 silly config load:file:/root/.npmrc
6 silly config load:file:/root/.nvm/versions/node/v20.19.5/etc/npmrc
7 verbose title npm run dev
8 verbose argv "run" "dev"
9 verbose logfile logs-max:10 dir:/root/.npm/_logs/2025-10-18T02_40_10_401Z-
10 verbose logfile /root/.npm/_logs/2025-10-18T02_40_10_401Z-debug-0.log
11 silly logfile done cleaning log files
12 verbose stack Error: Missing script: "dev"
12 verbose stack
12 verbose stack To see a list of scripts, run:
12 verbose stack   npm run
12 verbose stack     at #run (/root/.nvm/versions/node/v20.19.5/lib/node_modules/npm/lib/commands/run-script.js:110:13)
12 verbose stack     at async RunScript.exec (/root/.nvm/versions/node/v20.19.5/lib/node_modules/npm/lib/commands/run-script.js:39:7)
12 verbose stack     at async Npm.exec (/root/.nvm/versions/node/v20.19.5/lib/node_modules/npm/lib/npm.js:207:9)
12 verbose stack     at async module.exports (/root/.nvm/versions/node/v20.19.5/lib/node_modules/npm/lib/cli/entry.js:74:5)
13 error Missing script: "dev"
13 error
13 error To see a list of scripts, run:
13 error   npm run
14 verbose cwd /root/backend
15 verbose os Linux 6.12.0-55.9.1.el10_0.x86_64
16 verbose node v20.19.5
17 verbose npm  v10.8.2
18 verbose exit 1
19 verbose code 1
20 error A complete log of this run can be found in: /root/.npm/_logs/2025-10-18T02_40_10_401Z-debug-0.log
