0 verbose cli /usr/bin/node-22 /usr/bin/npm
1 info using npm@10.9.2
2 info using node@v22.13.1
3 silly config load:file:/usr/lib/node_modules_22/npm/npmrc
4 silly config load:file:/root/.npmrc
5 silly config load:file:/etc/npmrc
6 verbose title npm init
7 verbose argv "init" "--yes"
8 verbose logfile logs-max:10 dir:/root/.npm/_logs/2025-10-18T00_29_17_472Z-
9 verbose logfile /root/.npm/_logs/2025-10-18T00_29_17_472Z-debug-0.log
10 silly logfile done cleaning log files
11 silly package data {
11 silly package data   name: 'backend',
11 silly package data   version: '1.0.0',
11 silly package data   main: 'index.js',
11 silly package data   scripts: { test: 'echo "Error: no test specified" && exit 1' },
11 silly package data   keywords: [],
11 silly package data   author: '',
11 silly package data   license: 'ISC',
11 silly package data   description: ''
11 silly package data }
12 verbose cwd /root/backend
13 verbose os Linux 6.12.0-55.9.1.el10_0.x86_64
14 verbose node v22.13.1
15 verbose npm  v10.9.2
16 verbose exit 0
17 info ok
