0 verbose cli /usr/bin/node-22 /usr/bin/npm
1 info using npm@10.9.2
2 info using node@v22.13.1
3 silly config load:file:/usr/lib/node_modules_22/npm/npmrc
4 silly config load:file:/root/backend/.npmrc
5 silly config load:file:/root/.npmrc
6 silly config load:file:/etc/npmrc
7 verbose title npm pack express
8 verbose argv "pack" "express"
9 verbose logfile logs-max:10 dir:/root/.npm/_logs/2025-10-18T00_34_51_776Z-
10 verbose logfile /root/.npm/_logs/2025-10-18T00_34_51_776Z-debug-0.log
11 silly logfile done cleaning log files
12 http fetch GET https://registry.npmjs.org/express attempt 1 failed with ENOTFOUND
13 http fetch GET https://registry.npmjs.org/express attempt 2 failed with ENOTFOUND
14 http fetch GET https://registry.npmjs.org/express attempt 3 failed with ENOTFOUND
15 verbose type system
16 verbose stack FetchError: request to https://registry.npmjs.org/express failed, reason: getaddrinfo ENOTFOUND registry.npmjs.org
16 verbose stack     at ClientRequest.<anonymous> (/usr/lib/node_modules_22/npm/node_modules/minipass-fetch/lib/index.js:130:14)
16 verbose stack     at ClientRequest.emit (node:events:524:28)
16 verbose stack     at emitErrorEvent (node:_http_client:104:11)
16 verbose stack     at _destroy (node:_http_client:898:9)
16 verbose stack     at onSocketNT (node:_http_client:918:5)
16 verbose stack     at process.processTicksAndRejections (node:internal/process/task_queues:91:21)
17 error code ENOTFOUND
18 error syscall getaddrinfo
19 error errno ENOTFOUND
20 error network request to https://registry.npmjs.org/express failed, reason: getaddrinfo ENOTFOUND registry.npmjs.org
21 error network This is a problem related to network connectivity.
21 error network In most cases you are behind a proxy or have bad network settings.
21 error network
21 error network If you are behind a proxy, please make sure that the
21 error network 'proxy' config is set properly.  See: 'npm help config'
22 verbose cwd /root/backend/express-offline
23 verbose os Linux 6.12.0-55.9.1.el10_0.x86_64
24 verbose node v22.13.1
25 verbose npm  v10.9.2
26 verbose exit 1
27 verbose code 1
28 error A complete log of this run can be found in: /root/.npm/_logs/2025-10-18T00_34_51_776Z-debug-0.log
